{"level":"info","message":"[2025-05-19T06:07:47.303Z] GET /user/1/rate 200 - 14ms","timestamp":"2025-05-19T06:07:47.304Z"}
{"level":"info","message":"GET /user/1/rate 200 - 14ms","timestamp":"2025-05-19T06:08:15.592Z"}
{"level":"info","message":"GET /user/1/order 200 - 14ms","timestamp":"2025-05-19T06:40:16.719Z"}
{"level":"info","message":"\u001b[43m GET /user/1/order 200 - 14ms \u001b[0m","timestamp":"2025-05-19T06:41:51.902Z"}
{"level":"info","message":"\u001b[32mGET /user/1/order 200 - 14ms\u001b[0m","timestamp":"2025-05-19T06:42:44.591Z"}
{"level":"info","message":"\u001b[32mGET /user/1/order 200 - 15ms\u001b[0m","timestamp":"2025-05-19T06:43:10.048Z"}
{"level":"info","message":"\u001b[32mGET /user/1/order 200 - 15ms\u001b[0m","timestamp":"2025-05-19T06:45:25.582Z"}
{"level":"\u001b[36minfo\u001b[39m","message":"\u001b[36m\u001b[32mGET /user/1/order 200 - 14ms\u001b[0m\u001b[39m","timestamp":"2025-05-19T06:46:28.898Z"}
{"level":"\u001b[36minfo\u001b[39m","message":"\u001b[36m\u001b[32mGET /main/receive-gold 401 - 3ms\u001b[0m\u001b[39m","timestamp":"2025-05-19T07:21:20.238Z"}
{"level":"\u001b[36minfo\u001b[39m","message":"\u001b[36m\u001b[32mGET /favicon.ico 401 - 1ms\u001b[0m\u001b[39m","timestamp":"2025-05-19T07:21:20.385Z"}
{"level":"\u001b[36minfo\u001b[39m","message":"\u001b[36m\u001b[32mGET /product/hjhj 400 - 48ms\u001b[0m\u001b[39m","timestamp":"2025-05-20T05:35:18.904Z"}
{"level":"\u001b[36minfo\u001b[39m","message":"\u001b[36m\u001b[32mGET /product/1/rate 404 - 117ms\u001b[0m\u001b[39m","timestamp":"2025-05-20T05:47:43.690Z"}
{"level":"\u001b[36minfo\u001b[39m","message":"\u001b[36m\u001b[32mGET /product/1/rate 404 - 50ms\u001b[0m\u001b[39m","timestamp":"2025-05-20T05:48:33.994Z"}
{"level":"\u001b[36minfo\u001b[39m","message":"\u001b[36m\u001b[32mGET /product/1/rate 200 - 63ms\u001b[0m\u001b[39m","timestamp":"2025-05-20T06:00:48.317Z"}
{"level":"\u001b[36minfo\u001b[39m","message":"\u001b[36m\u001b[32mGET /product/1/rate 200 - 172ms\u001b[0m\u001b[39m","timestamp":"2025-05-20T06:10:38.158Z"}
{"level":"\u001b[36minfo\u001b[39m","message":"\u001b[36m\u001b[32mGET /product/1/rate 200 - 116ms\u001b[0m\u001b[39m","timestamp":"2025-05-20T06:14:18.601Z"}
{"level":"\u001b[36minfo\u001b[39m","message":"\u001b[36m\u001b[32mGET /product/55/rate 404 - 16ms\u001b[0m\u001b[39m","timestamp":"2025-05-20T06:15:07.269Z"}
{"level":"\u001b[36minfo\u001b[39m","message":"\u001b[36m\u001b[32mGET /product/kljklj5/rate 400 - 8ms\u001b[0m\u001b[39m","timestamp":"2025-05-20T06:15:15.521Z"}
{"level":"\u001b[36minfo\u001b[39m","message":"\u001b[36m\u001b[32mGET /product/11/rate 200 - 29ms\u001b[0m\u001b[39m","timestamp":"2025-05-20T06:15:24.208Z"}
{"level":"\u001b[36minfo\u001b[39m","message":"\u001b[36m\u001b[32mGET /product/11 200 - 44ms\u001b[0m\u001b[39m","timestamp":"2025-05-20T06:16:39.312Z"}
{"level":"\u001b[36minfo\u001b[39m","message":"\u001b[36m\u001b[32mGET /product/11/rate 200 - 14ms\u001b[0m\u001b[39m","timestamp":"2025-05-20T06:16:47.078Z"}
{"level":"\u001b[36minfo\u001b[39m","message":"\u001b[36m\u001b[32mGET /product/1/rate 200 - 8ms\u001b[0m\u001b[39m","timestamp":"2025-05-20T06:16:51.666Z"}
{"level":"\u001b[36minfo\u001b[39m","message":"\u001b[36m\u001b[32mGET /product 200 - 14ms\u001b[0m\u001b[39m","timestamp":"2025-05-20T06:22:08.467Z"}
{"level":"\u001b[36minfo\u001b[39m","message":"\u001b[36m\u001b[32mGET /subcategory/5/product 404 - 6ms\u001b[0m\u001b[39m","timestamp":"2025-05-20T06:25:14.376Z"}
{"level":"\u001b[36minfo\u001b[39m","message":"\u001b[36m\u001b[32mGET /subcategory/5/product 404 - 20ms\u001b[0m\u001b[39m","timestamp":"2025-05-20T07:40:20.927Z"}
{"level":"\u001b[36minfo\u001b[39m","message":"\u001b[36m\u001b[32mGET /subcategory/5/product 404 - 100ms\u001b[0m\u001b[39m","timestamp":"2025-05-20T07:40:48.449Z"}
{"level":"\u001b[36minfo\u001b[39m","message":"\u001b[36m\u001b[32mGET /subcategory/1/product 200 - 18ms\u001b[0m\u001b[39m","timestamp":"2025-05-20T07:42:39.996Z"}
{"level":"\u001b[36minfo\u001b[39m","message":"\u001b[36m\u001b[32mGET /subcategory/1/product 200 - 11ms\u001b[0m\u001b[39m","timestamp":"2025-05-20T07:43:07.672Z"}
{"level":"\u001b[36minfo\u001b[39m","message":"\u001b[36m\u001b[32mGET /subcategory/dfasdg/product 500 - 38ms\u001b[0m\u001b[39m","timestamp":"2025-05-20T08:47:56.858Z"}
{"level":"\u001b[36minfo\u001b[39m","message":"\u001b[36m\u001b[32mGET /subcategory/dfasdg/product 400 - 38ms\u001b[0m\u001b[39m","timestamp":"2025-05-20T08:48:46.439Z"}
{"level":"\u001b[36minfo\u001b[39m","message":"\u001b[36m\u001b[32mGET /subcategory/55/product 404 - 21ms\u001b[0m\u001b[39m","timestamp":"2025-05-20T08:49:02.711Z"}
{"level":"\u001b[36minfo\u001b[39m","message":"\u001b[36m\u001b[32mGET /subcategory/5/product 404 - 6ms\u001b[0m\u001b[39m","timestamp":"2025-05-20T08:49:07.134Z"}
{"level":"\u001b[36minfo\u001b[39m","message":"\u001b[36m\u001b[32mGET /subcategory/1/product 200 - 11ms\u001b[0m\u001b[39m","timestamp":"2025-05-20T08:49:10.134Z"}
{"level":"\u001b[36minfo\u001b[39m","message":"\u001b[36m\u001b[32mGET /subcategory 200 - 29ms\u001b[0m\u001b[39m","timestamp":"2025-05-20T08:52:30.098Z"}
{"level":"\u001b[36minfo\u001b[39m","message":"\u001b[36m\u001b[32mGET /subcategory/1 200 - 35ms\u001b[0m\u001b[39m","timestamp":"2025-05-20T08:54:20.793Z"}
{"level":"\u001b[36minfo\u001b[39m","message":"\u001b[36m\u001b[32mGET /subcategory/5 404 - 11ms\u001b[0m\u001b[39m","timestamp":"2025-05-20T08:54:24.805Z"}
{"level":"\u001b[36minfo\u001b[39m","message":"\u001b[36m\u001b[32mGET /subcategory/jhjk 400 - 8ms\u001b[0m\u001b[39m","timestamp":"2025-05-20T08:55:26.836Z"}
{"level":"\u001b[36minfo\u001b[39m","message":"\u001b[36m\u001b[32mGET /subcategory/1 200 - 7ms\u001b[0m\u001b[39m","timestamp":"2025-05-20T08:55:33.629Z"}
{"level":"\u001b[36minfo\u001b[39m","message":"\u001b[36m\u001b[32mGET /subcategory 200 - 5ms\u001b[0m\u001b[39m","timestamp":"2025-05-20T08:55:39.887Z"}
{"level":"\u001b[36minfo\u001b[39m","message":"\u001b[36m\u001b[32mPOST /product 201 - 7021ms\u001b[0m\u001b[39m","timestamp":"2025-05-20T09:11:24.176Z"}
{"level":"\u001b[36minfo\u001b[39m","message":"\u001b[36m\u001b[32mPATCH /product/1 500 - 59ms\u001b[0m\u001b[39m","timestamp":"2025-05-20T09:11:48.291Z"}
{"level":"\u001b[36minfo\u001b[39m","message":"\u001b[36m\u001b[32mPATCH /product/1 500 - 20ms\u001b[0m\u001b[39m","timestamp":"2025-05-20T09:12:04.138Z"}
{"level":"\u001b[36minfo\u001b[39m","message":"\u001b[36m\u001b[32mPATCH /product/1 200 - 78ms\u001b[0m\u001b[39m","timestamp":"2025-05-20T09:12:12.258Z"}
{"level":"\u001b[36minfo\u001b[39m","message":"\u001b[36m\u001b[32mPATCH /product/1 200 - 56ms\u001b[0m\u001b[39m","timestamp":"2025-05-20T09:12:22.542Z"}
{"level":"\u001b[36minfo\u001b[39m","message":"\u001b[36m\u001b[32mPOST /product 201 - 3116ms\u001b[0m\u001b[39m","timestamp":"2025-05-20T09:19:15.679Z"}
{"level":"\u001b[36minfo\u001b[39m","message":"\u001b[36m\u001b[32mPOST /product 201 - 58ms\u001b[0m\u001b[39m","timestamp":"2025-05-20T09:19:41.954Z"}
{"level":"\u001b[36minfo\u001b[39m","message":"\u001b[36m\u001b[32mPOST /product 400 - 48ms\u001b[0m\u001b[39m","timestamp":"2025-05-20T09:26:41.652Z"}
{"level":"\u001b[36minfo\u001b[39m","message":"\u001b[36m\u001b[32mPOST /product 201 - 34ms\u001b[0m\u001b[39m","timestamp":"2025-05-20T09:26:55.650Z"}
{"level":"\u001b[36minfo\u001b[39m","message":"\u001b[36m\u001b[32mPATCH /product/15 200 - 20ms\u001b[0m\u001b[39m","timestamp":"2025-05-20T09:27:38.456Z"}
{"level":"\u001b[36minfo\u001b[39m","message":"\u001b[36m\u001b[32mPATCH /product/15 400 - 6ms\u001b[0m\u001b[39m","timestamp":"2025-05-20T09:27:44.266Z"}
{"level":"\u001b[36minfo\u001b[39m","message":"\u001b[36m\u001b[32mPATCH /product/15 500 - 58ms\u001b[0m\u001b[39m","timestamp":"2025-05-20T09:28:00.550Z"}
{"level":"\u001b[36minfo\u001b[39m","message":"\u001b[36m\u001b[32mPATCH /product/15 200 - 87ms\u001b[0m\u001b[39m","timestamp":"2025-05-20T09:48:18.987Z"}
{"level":"\u001b[36minfo\u001b[39m","message":"\u001b[36m\u001b[32mPATCH /product/15 400 - 12ms\u001b[0m\u001b[39m","timestamp":"2025-05-20T09:48:26.825Z"}
{"level":"\u001b[36minfo\u001b[39m","message":"\u001b[36m\u001b[32mPOST /subcategory 400 - 42ms\u001b[0m\u001b[39m","timestamp":"2025-05-20T10:57:34.856Z"}
{"level":"\u001b[36minfo\u001b[39m","message":"\u001b[36m\u001b[32mPOST /subcategory 400 - 6ms\u001b[0m\u001b[39m","timestamp":"2025-05-20T10:59:02.757Z"}
{"level":"\u001b[36minfo\u001b[39m","message":"\u001b[36m\u001b[32mPOST /subcategory 400 - 7ms\u001b[0m\u001b[39m","timestamp":"2025-05-20T10:59:35.219Z"}
{"level":"\u001b[36minfo\u001b[39m","message":"\u001b[36m\u001b[32mPOST /subcategory 201 - 133ms\u001b[0m\u001b[39m","timestamp":"2025-05-20T11:09:13.673Z"}
{"level":"\u001b[36minfo\u001b[39m","message":"\u001b[36m\u001b[32mPOST /subcategory 400 - 8ms\u001b[0m\u001b[39m","timestamp":"2025-05-20T11:09:21.100Z"}
{"level":"\u001b[36minfo\u001b[39m","message":"\u001b[36m\u001b[32mPOST /subcategory 500 - 60ms\u001b[0m\u001b[39m","timestamp":"2025-05-20T11:09:24.211Z"}
{"level":"\u001b[36minfo\u001b[39m","message":"\u001b[36m\u001b[32mPOST /subcategory 500 - 69ms\u001b[0m\u001b[39m","timestamp":"2025-05-20T11:09:54.010Z"}
{"level":"\u001b[36minfo\u001b[39m","message":"\u001b[36m\u001b[32mPOST /subcategory 500 - 68ms\u001b[0m\u001b[39m","timestamp":"2025-05-20T11:10:17.182Z"}
{"level":"\u001b[36minfo\u001b[39m","message":"\u001b[36m\u001b[32mPOST /subcategory 500 - 72ms\u001b[0m\u001b[39m","timestamp":"2025-05-20T11:11:08.363Z"}
{"level":"\u001b[36minfo\u001b[39m","message":"\u001b[36m\u001b[32mPOST /subcategory 500 - 154ms\u001b[0m\u001b[39m","timestamp":"2025-05-20T11:12:28.866Z"}
{"level":"\u001b[36minfo\u001b[39m","message":"\u001b[36m\u001b[32mPOST /subcategory 500 - 91ms\u001b[0m\u001b[39m","timestamp":"2025-05-20T11:12:55.765Z"}
{"level":"\u001b[36minfo\u001b[39m","message":"\u001b[36m\u001b[32mPOST /subcategory 400 - 32ms\u001b[0m\u001b[39m","timestamp":"2025-05-20T11:13:36.010Z"}
{"level":"\u001b[36minfo\u001b[39m","message":"\u001b[36m\u001b[32mPOST /subcategory 500 - 93ms\u001b[0m\u001b[39m","timestamp":"2025-05-20T11:13:48.222Z"}
{"level":"\u001b[36minfo\u001b[39m","message":"\u001b[36m\u001b[32mPOST /subcategory 400 - 28ms\u001b[0m\u001b[39m","timestamp":"2025-05-20T11:14:32.885Z"}
{"level":"\u001b[36minfo\u001b[39m","message":"\u001b[36m\u001b[32mPOST /subcategory 400 - 7ms\u001b[0m\u001b[39m","timestamp":"2025-05-20T11:14:38.815Z"}
{"level":"\u001b[36minfo\u001b[39m","message":"\u001b[36m\u001b[32mPOST /subcategory 400 - 5ms\u001b[0m\u001b[39m","timestamp":"2025-05-20T11:14:42.330Z"}
{"level":"\u001b[36minfo\u001b[39m","message":"\u001b[36m\u001b[32mPOST /subcategory 400 - 4ms\u001b[0m\u001b[39m","timestamp":"2025-05-20T11:14:45.253Z"}
{"level":"\u001b[36minfo\u001b[39m","message":"\u001b[36m\u001b[32mPOST /subcategory 201 - 28ms\u001b[0m\u001b[39m","timestamp":"2025-05-20T11:14:49.823Z"}
{"level":"\u001b[36minfo\u001b[39m","message":"\u001b[36m\u001b[32mPOST /subcategory 400 - 7ms\u001b[0m\u001b[39m","timestamp":"2025-05-20T11:15:02.025Z"}
{"level":"\u001b[36minfo\u001b[39m","message":"\u001b[36m\u001b[32mPOST /subcategory 400 - 54ms\u001b[0m\u001b[39m","timestamp":"2025-05-20T11:15:43.688Z"}
{"level":"\u001b[36minfo\u001b[39m","message":"\u001b[36m\u001b[32mPOST /subcategory 201 - 149ms\u001b[0m\u001b[39m","timestamp":"2025-05-20T11:22:17.115Z"}
{"level":"\u001b[36minfo\u001b[39m","message":"\u001b[36m\u001b[32mPOST /subcategory 201 - 70ms\u001b[0m\u001b[39m","timestamp":"2025-05-20T11:24:10.482Z"}
{"level":"\u001b[36minfo\u001b[39m","message":"\u001b[36m\u001b[32mPOST /subcategory 201 - 141ms\u001b[0m\u001b[39m","timestamp":"2025-05-20T11:24:51.700Z"}
{"level":"\u001b[36minfo\u001b[39m","message":"\u001b[36m\u001b[32mPOST /subcategory 201 - 59ms\u001b[0m\u001b[39m","timestamp":"2025-05-20T11:25:24.223Z"}
{"level":"\u001b[36minfo\u001b[39m","message":"\u001b[36m\u001b[32mPOST /subcategory 201 - 94ms\u001b[0m\u001b[39m","timestamp":"2025-05-20T11:25:49.777Z"}
{"level":"\u001b[36minfo\u001b[39m","message":"\u001b[36m\u001b[32mPOST /subcategory 201 - 65ms\u001b[0m\u001b[39m","timestamp":"2025-05-20T11:26:16.033Z"}
{"level":"\u001b[36minfo\u001b[39m","message":"\u001b[36m\u001b[32mPOST /subcategory 201 - 66ms\u001b[0m\u001b[39m","timestamp":"2025-05-20T11:26:55.432Z"}
{"level":"\u001b[36minfo\u001b[39m","message":"\u001b[36m\u001b[32mPOST /subcategory 201 - 2099ms\u001b[0m\u001b[39m","timestamp":"2025-05-20T11:28:59.880Z"}
{"level":"\u001b[36minfo\u001b[39m","message":"\u001b[36m\u001b[32mPATCH /subcategory/1 404 - 35ms\u001b[0m\u001b[39m","timestamp":"2025-05-20T11:36:32.423Z"}
{"level":"\u001b[36minfo\u001b[39m","message":"\u001b[36m\u001b[32mPATCH /subcategory/1 500 - 72ms\u001b[0m\u001b[39m","timestamp":"2025-05-20T11:37:28.896Z"}
{"level":"\u001b[36minfo\u001b[39m","message":"\u001b[36m\u001b[32mPATCH /subcategory/1 200 - 59ms\u001b[0m\u001b[39m","timestamp":"2025-05-20T11:38:12.105Z"}
{"level":"\u001b[36minfo\u001b[39m","message":"\u001b[36m\u001b[32mPATCH /subcategory/1 200 - 51ms\u001b[0m\u001b[39m","timestamp":"2025-05-20T11:40:05.801Z"}
{"level":"\u001b[36minfo\u001b[39m","message":"\u001b[36m\u001b[32mPATCH /subcategory/5 200 - 28ms\u001b[0m\u001b[39m","timestamp":"2025-05-20T11:40:22.259Z"}
{"level":"\u001b[36minfo\u001b[39m","message":"\u001b[36m\u001b[32mPATCH /subcategory/5 400 - 11ms\u001b[0m\u001b[39m","timestamp":"2025-05-20T11:40:27.367Z"}
{"level":"\u001b[36minfo\u001b[39m","message":"\u001b[36m\u001b[32mPATCH /subcategory/5 400 - 11ms\u001b[0m\u001b[39m","timestamp":"2025-05-20T11:41:18.374Z"}
{"level":"\u001b[36minfo\u001b[39m","message":"\u001b[36m\u001b[32mPATCH /subcategory/5 500 - 99ms\u001b[0m\u001b[39m","timestamp":"2025-05-20T11:41:38.074Z"}
{"level":"\u001b[36minfo\u001b[39m","message":"\u001b[36m\u001b[32mPATCH /subcategory/5 400 - 82ms\u001b[0m\u001b[39m","timestamp":"2025-05-20T11:46:04.120Z"}
{"level":"\u001b[36minfo\u001b[39m","message":"\u001b[36m\u001b[32mPATCH /subcategory/5 400 - 85ms\u001b[0m\u001b[39m","timestamp":"2025-05-20T11:59:04.036Z"}
{"level":"\u001b[36minfo\u001b[39m","message":"\u001b[36m\u001b[32mPATCH /subcategory/5 400 - 105ms\u001b[0m\u001b[39m","timestamp":"2025-05-20T12:00:01.954Z"}
{"level":"\u001b[36minfo\u001b[39m","message":"\u001b[36m\u001b[32mPATCH /subcategory/5 200 - 31ms\u001b[0m\u001b[39m","timestamp":"2025-05-20T12:00:44.787Z"}
{"level":"\u001b[36minfo\u001b[39m","message":"\u001b[36m\u001b[32mPATCH /subcategory/5 200 - 30ms\u001b[0m\u001b[39m","timestamp":"2025-05-20T12:03:09.197Z"}
{"level":"\u001b[36minfo\u001b[39m","message":"\u001b[36m\u001b[32mPATCH /subcategory/5 200 - 64ms\u001b[0m\u001b[39m","timestamp":"2025-05-20T12:05:29.780Z"}
{"level":"\u001b[36minfo\u001b[39m","message":"\u001b[36m\u001b[32mPATCH /subcategory/5 200 - 70ms\u001b[0m\u001b[39m","timestamp":"2025-05-20T12:07:51.393Z"}
{"level":"\u001b[36minfo\u001b[39m","message":"\u001b[36m\u001b[32mPATCH /subcategory/5 200 - 69ms\u001b[0m\u001b[39m","timestamp":"2025-05-20T12:08:09.640Z"}
{"level":"\u001b[36minfo\u001b[39m","message":"\u001b[36m\u001b[32mPATCH /subcategory/5 200 - 3413ms\u001b[0m\u001b[39m","timestamp":"2025-05-20T12:08:53.050Z"}
{"level":"\u001b[36minfo\u001b[39m","message":"\u001b[36m\u001b[32mDELETE /subcategory/5 404 - 64ms\u001b[0m\u001b[39m","timestamp":"2025-05-20T12:10:57.839Z"}
{"level":"\u001b[36minfo\u001b[39m","message":"\u001b[36m\u001b[32mDELETE /subcategory/5 204 - 1262ms\u001b[0m\u001b[39m","timestamp":"2025-05-20T12:11:17.076Z"}
{"level":"\u001b[36minfo\u001b[39m","message":"\u001b[36m\u001b[32mGET /category/:id/product 404 - 28ms\u001b[0m\u001b[39m","timestamp":"2025-05-20T12:33:54.207Z"}
{"level":"\u001b[36minfo\u001b[39m","message":"\u001b[36m\u001b[32mGET /category/:id/product 400 - 36ms\u001b[0m\u001b[39m","timestamp":"2025-05-20T12:35:07.990Z"}
{"level":"\u001b[36minfo\u001b[39m","message":"\u001b[36m\u001b[32mGET /subcategory 200 - 22ms\u001b[0m\u001b[39m","timestamp":"2025-05-20T12:36:13.374Z"}
{"level":"\u001b[36minfo\u001b[39m","message":"\u001b[36m\u001b[32mGET /subcategory/1 200 - 21ms\u001b[0m\u001b[39m","timestamp":"2025-05-20T12:36:21.374Z"}
{"level":"\u001b[36minfo\u001b[39m","message":"\u001b[36m\u001b[32mPOST /subcategory 400 - 10ms\u001b[0m\u001b[39m","timestamp":"2025-05-20T12:36:44.001Z"}
{"level":"\u001b[36minfo\u001b[39m","message":"\u001b[36m\u001b[32mGET /category 200 - 10ms\u001b[0m\u001b[39m","timestamp":"2025-05-20T12:37:07.180Z"}
{"level":"\u001b[36minfo\u001b[39m","message":"\u001b[36m\u001b[32mGET /category/1 200 - 13ms\u001b[0m\u001b[39m","timestamp":"2025-05-20T12:37:14.619Z"}
{"level":"\u001b[36minfo\u001b[39m","message":"\u001b[36m\u001b[32mGET /category/%D8%B4%D8%B3%D9%8A%D8%A8 400 - 8ms\u001b[0m\u001b[39m","timestamp":"2025-05-20T12:37:18.061Z"}
{"level":"\u001b[36minfo\u001b[39m","message":"\u001b[36m\u001b[32mGET /category/0 404 - 13ms\u001b[0m\u001b[39m","timestamp":"2025-05-20T12:37:22.950Z"}
{"level":"\u001b[36minfo\u001b[39m","message":"\u001b[36m\u001b[32mGET /category/1 200 - 11ms\u001b[0m\u001b[39m","timestamp":"2025-05-20T12:37:25.478Z"}
{"level":"\u001b[36minfo\u001b[39m","message":"\u001b[36m\u001b[32mPOST /category 400 - 4ms\u001b[0m\u001b[39m","timestamp":"2025-05-20T12:37:37.331Z"}
{"level":"\u001b[36minfo\u001b[39m","message":"\u001b[36m\u001b[32mPOST /category 201 - 58ms\u001b[0m\u001b[39m","timestamp":"2025-05-20T12:37:42.216Z"}
{"level":"\u001b[36minfo\u001b[39m","message":"\u001b[36m\u001b[32mPOST /category 201 - 2751ms\u001b[0m\u001b[39m","timestamp":"2025-05-20T12:38:19.859Z"}
{"level":"\u001b[36minfo\u001b[39m","message":"\u001b[36m\u001b[32mPATCH /subcategory/1 200 - 2508ms\u001b[0m\u001b[39m","timestamp":"2025-05-20T12:38:50.503Z"}
{"level":"\u001b[36minfo\u001b[39m","message":"\u001b[36m\u001b[32mDELETE /subcategory/5 500 - 69ms\u001b[0m\u001b[39m","timestamp":"2025-05-20T12:40:32.114Z"}
{"level":"\u001b[36minfo\u001b[39m","message":"\u001b[36m\u001b[32mDELETE /subcategory/1 204 - 2314ms\u001b[0m\u001b[39m","timestamp":"2025-05-20T12:40:54.575Z"}
{"level":"\u001b[36minfo\u001b[39m","message":"\u001b[36m\u001b[32mGET /subcategory 200 - 6ms\u001b[0m\u001b[39m","timestamp":"2025-05-20T12:41:06.768Z"}
{"level":"\u001b[36minfo\u001b[39m","message":"\u001b[36m\u001b[32mDELETE /category/1 204 - 567ms\u001b[0m\u001b[39m","timestamp":"2025-05-20T12:41:47.684Z"}
{"level":"\u001b[36minfo\u001b[39m","message":"\u001b[36m\u001b[32mGET /category/:id/product 400 - 109ms\u001b[0m\u001b[39m","timestamp":"2025-05-21T06:47:56.552Z"}
{"level":"\u001b[36minfo\u001b[39m","message":"\u001b[36m\u001b[32mGET /category/1/product 404 - 12ms\u001b[0m\u001b[39m","timestamp":"2025-05-21T06:48:05.626Z"}
{"level":"\u001b[36minfo\u001b[39m","message":"\u001b[36m\u001b[32mGET /category/1/product 404 - 64ms\u001b[0m\u001b[39m","timestamp":"2025-05-21T06:50:30.188Z"}
{"level":"\u001b[36minfo\u001b[39m","message":"\u001b[36m\u001b[32mGET /category/1/subcategory 404 - 99ms\u001b[0m\u001b[39m","timestamp":"2025-05-21T06:50:52.591Z"}
{"level":"\u001b[36minfo\u001b[39m","message":"\u001b[36m\u001b[32mGET /category/2/subcategory 200 - 30ms\u001b[0m\u001b[39m","timestamp":"2025-05-21T06:52:00.832Z"}
{"level":"\u001b[36minfo\u001b[39m","message":"\u001b[36m\u001b[32mGET /category/2/subcategory 200 - 15ms\u001b[0m\u001b[39m","timestamp":"2025-05-21T06:52:52.121Z"}
{"level":"\u001b[36minfo\u001b[39m","message":"\u001b[36m\u001b[32mGET /category/3/subcategory 200 - 12ms\u001b[0m\u001b[39m","timestamp":"2025-05-21T06:55:03.922Z"}
{"level":"\u001b[36minfo\u001b[39m","message":"\u001b[36m\u001b[32mGET /category 200 - 60ms\u001b[0m\u001b[39m","timestamp":"2025-05-21T08:24:36.698Z"}
{"level":"\u001b[36minfo\u001b[39m","message":"\u001b[36m\u001b[32mGET /category/3/subcategory 200 - 21ms\u001b[0m\u001b[39m","timestamp":"2025-05-21T08:24:58.724Z"}
{"level":"\u001b[36minfo\u001b[39m","message":"\u001b[36m\u001b[32mGET /category/1 404 - 32ms\u001b[0m\u001b[39m","timestamp":"2025-05-21T08:25:14.116Z"}
{"level":"\u001b[36minfo\u001b[39m","message":"\u001b[36m\u001b[32mGET /category/1 404 - 26ms\u001b[0m\u001b[39m","timestamp":"2025-05-21T09:21:26.234Z"}
{"level":"\u001b[36minfo\u001b[39m","message":"\u001b[36m\u001b[32mGET /category/2 200 - 22ms\u001b[0m\u001b[39m","timestamp":"2025-05-21T09:21:30.748Z"}
{"level":"\u001b[36minfo\u001b[39m","message":"\u001b[36m\u001b[32mPOST /category 201 - 2393ms\u001b[0m\u001b[39m","timestamp":"2025-05-21T09:21:58.986Z"}
{"level":"\u001b[36minfo\u001b[39m","message":"\u001b[36m\u001b[32mPOST /category 201 - 2020ms\u001b[0m\u001b[39m","timestamp":"2025-05-21T09:21:59.553Z"}
{"level":"\u001b[36minfo\u001b[39m","message":"\u001b[36m\u001b[32mPATCH /subcategory/3 500 - 4500ms\u001b[0m\u001b[39m","timestamp":"2025-05-21T09:22:40.584Z"}
{"level":"\u001b[36minfo\u001b[39m","message":"\u001b[36m\u001b[32mPATCH /subcategory/3 500 - 77ms\u001b[0m\u001b[39m","timestamp":"2025-05-21T09:22:49.856Z"}
{"level":"\u001b[36minfo\u001b[39m","message":"\u001b[36m\u001b[32mPATCH /subcategory/3 500 - 52ms\u001b[0m\u001b[39m","timestamp":"2025-05-21T09:22:53.486Z"}
{"level":"\u001b[36minfo\u001b[39m","message":"\u001b[36m\u001b[32mPATCH /category/3 200 - 21ms\u001b[0m\u001b[39m","timestamp":"2025-05-21T09:23:03.371Z"}
{"level":"\u001b[36minfo\u001b[39m","message":"\u001b[36m\u001b[32mPATCH /category/3 400 - 46ms\u001b[0m\u001b[39m","timestamp":"2025-05-21T11:34:51.771Z"}
{"level":"\u001b[36minfo\u001b[39m","message":"\u001b[36m\u001b[32mPATCH /category/3 200 - 112ms\u001b[0m\u001b[39m","timestamp":"2025-05-21T11:36:06.951Z"}
{"level":"\u001b[36minfo\u001b[39m","message":"\u001b[36m\u001b[32mPATCH /category/3asdsdg 400 - 15ms\u001b[0m\u001b[39m","timestamp":"2025-05-21T11:45:26.686Z"}
{"level":"\u001b[36minfo\u001b[39m","message":"\u001b[36m\u001b[32mPATCH /category/:id 400 - 9ms\u001b[0m\u001b[39m","timestamp":"2025-05-21T11:45:30.420Z"}
{"level":"\u001b[36minfo\u001b[39m","message":"\u001b[36m\u001b[32mPATCH /category/fasdf 400 - 6ms\u001b[0m\u001b[39m","timestamp":"2025-05-21T11:45:32.962Z"}
{"level":"\u001b[36minfo\u001b[39m","message":"\u001b[36m\u001b[32mPATCH /category/123 500 - 79ms\u001b[0m\u001b[39m","timestamp":"2025-05-21T11:45:35.855Z"}
{"level":"\u001b[36minfo\u001b[39m","message":"\u001b[36m\u001b[32mPATCH /category/123 500 - 169ms\u001b[0m\u001b[39m","timestamp":"2025-05-21T11:48:00.837Z"}
{"level":"\u001b[36minfo\u001b[39m","message":"\u001b[36m\u001b[32mGET /cart 200 - 76ms\u001b[0m\u001b[39m","timestamp":"2025-05-21T12:54:21.159Z"}
{"level":"\u001b[36minfo\u001b[39m","message":"\u001b[36m\u001b[32mPOST /login 201 - 45ms\u001b[0m\u001b[39m","timestamp":"2025-05-21T12:56:48.688Z"}
{"level":"\u001b[36minfo\u001b[39m","message":"\u001b[36m\u001b[32mGET /cart 404 - 10ms\u001b[0m\u001b[39m","timestamp":"2025-05-21T12:56:52.766Z"}
{"level":"\u001b[36minfo\u001b[39m","message":"\u001b[36m\u001b[32mPOST /login 201 - 10ms\u001b[0m\u001b[39m","timestamp":"2025-05-21T12:57:34.671Z"}
{"level":"\u001b[36minfo\u001b[39m","message":"\u001b[36m\u001b[32mGET /cart 404 - 6ms\u001b[0m\u001b[39m","timestamp":"2025-05-21T12:57:38.132Z"}
{"level":"\u001b[36minfo\u001b[39m","message":"\u001b[36m\u001b[32mPOST /login 201 - 6ms\u001b[0m\u001b[39m","timestamp":"2025-05-21T12:57:58.612Z"}
{"level":"\u001b[36minfo\u001b[39m","message":"\u001b[36m\u001b[32mGET /cart 200 - 8ms\u001b[0m\u001b[39m","timestamp":"2025-05-21T12:58:02.722Z"}
{"level":"\u001b[36minfo\u001b[39m","message":"\u001b[36m\u001b[32mGET /cart 200 - 38ms\u001b[0m\u001b[39m","timestamp":"2025-05-21T12:59:42.036Z"}
{"level":"\u001b[36minfo\u001b[39m","message":"\u001b[36m\u001b[32mGET /cart 200 - 36ms\u001b[0m\u001b[39m","timestamp":"2025-05-21T13:00:15.152Z"}
{"level":"\u001b[36minfo\u001b[39m","message":"\u001b[36m\u001b[32mGET /cart 200 - 105ms\u001b[0m\u001b[39m","timestamp":"2025-05-26T05:42:53.670Z"}
{"level":"\u001b[36minfo\u001b[39m","message":"\u001b[36m\u001b[32mGET /cart 200 - 626ms\u001b[0m\u001b[39m","timestamp":"2025-05-26T07:34:00.280Z"}
{"level":"\u001b[36minfo\u001b[39m","message":"\u001b[36m\u001b[32mDELETE /cart 404 - 28ms\u001b[0m\u001b[39m","timestamp":"2025-05-26T07:45:05.725Z"}
{"level":"\u001b[36minfo\u001b[39m","message":"\u001b[36m\u001b[32mDELETE /cart/1/product/5 500 - 123ms\u001b[0m\u001b[39m","timestamp":"2025-05-26T07:45:29.314Z"}
{"level":"\u001b[36minfo\u001b[39m","message":"\u001b[36m\u001b[32mDELETE /cart/1/product/5 204 - 60ms\u001b[0m\u001b[39m","timestamp":"2025-05-26T07:48:12.808Z"}
{"level":"\u001b[36minfo\u001b[39m","message":"\u001b[36m\u001b[32mGET /cart 200 - 14ms\u001b[0m\u001b[39m","timestamp":"2025-05-26T07:48:18.013Z"}
{"level":"\u001b[36minfo\u001b[39m","message":"\u001b[36m\u001b[32mPOST /cart/1/product/5 404 - 64ms\u001b[0m\u001b[39m","timestamp":"2025-05-26T08:59:09.355Z"}
{"level":"\u001b[36minfo\u001b[39m","message":"\u001b[36m\u001b[32mPOST /cart/1/product/5 400 - 40ms\u001b[0m\u001b[39m","timestamp":"2025-05-26T09:00:14.909Z"}
{"level":"\u001b[36minfo\u001b[39m","message":"\u001b[36m\u001b[32mPOST /cart/1/product/5 400 - 133ms\u001b[0m\u001b[39m","timestamp":"2025-05-26T10:23:13.681Z"}
{"level":"\u001b[36minfo\u001b[39m","message":"\u001b[36m\u001b[32mPOST /cart/1/product/5 400 - 53ms\u001b[0m\u001b[39m","timestamp":"2025-05-26T10:27:57.247Z"}
{"level":"\u001b[36minfo\u001b[39m","message":"\u001b[36m\u001b[32mPOST /cart/1/product/5 400 - 6ms\u001b[0m\u001b[39m","timestamp":"2025-05-26T10:28:25.400Z"}
{"level":"\u001b[36minfo\u001b[39m","message":"\u001b[36m\u001b[32mPOST /cart/1/product/5 201 - 120ms\u001b[0m\u001b[39m","timestamp":"2025-05-26T10:29:10.482Z"}
{"level":"\u001b[36minfo\u001b[39m","message":"\u001b[36m\u001b[32mPOST /cart/1/product/5 400 - 32ms\u001b[0m\u001b[39m","timestamp":"2025-05-26T10:29:14.439Z"}
{"level":"\u001b[36minfo\u001b[39m","message":"\u001b[36m\u001b[32mPOST /cart/1/product/2 400 - 17ms\u001b[0m\u001b[39m","timestamp":"2025-05-26T10:29:43.972Z"}
{"level":"\u001b[36minfo\u001b[39m","message":"\u001b[36m\u001b[32mPOST /cart/1/product/10 201 - 113ms\u001b[0m\u001b[39m","timestamp":"2025-05-26T10:30:00.350Z"}
{"level":"\u001b[36minfo\u001b[39m","message":"\u001b[36m\u001b[32mPOST /cart/1/product/6 201 - 27ms\u001b[0m\u001b[39m","timestamp":"2025-05-26T10:30:04.267Z"}
{"level":"\u001b[36minfo\u001b[39m","message":"\u001b[36m\u001b[32mPOST /cart/1/product/8 201 - 16ms\u001b[0m\u001b[39m","timestamp":"2025-05-26T10:30:07.690Z"}
{"level":"\u001b[36minfo\u001b[39m","message":"\u001b[36m\u001b[32mGET /cart 200 - 23ms\u001b[0m\u001b[39m","timestamp":"2025-05-26T10:30:12.209Z"}
{"level":"\u001b[36minfo\u001b[39m","message":"\u001b[36m\u001b[32mDELETE /cart/1/product/3 500 - 41ms\u001b[0m\u001b[39m","timestamp":"2025-05-26T10:33:38.657Z"}
{"level":"\u001b[36minfo\u001b[39m","message":"\u001b[36m\u001b[32mDELETE /cart/1/product/5 204 - 21ms\u001b[0m\u001b[39m","timestamp":"2025-05-26T10:33:59.744Z"}
{"level":"\u001b[36minfo\u001b[39m","message":"\u001b[36m\u001b[32mDELETE /cart/1/product/6 204 - 19ms\u001b[0m\u001b[39m","timestamp":"2025-05-26T10:34:11.243Z"}
{"level":"\u001b[36minfo\u001b[39m","message":"\u001b[36m\u001b[32mDELETE /cart/1/product/10 204 - 22ms\u001b[0m\u001b[39m","timestamp":"2025-05-26T10:34:21.863Z"}
{"level":"\u001b[36minfo\u001b[39m","message":"\u001b[36m\u001b[32mGET /cart 200 - 9ms\u001b[0m\u001b[39m","timestamp":"2025-05-26T10:34:25.929Z"}
{"level":"\u001b[36minfo\u001b[39m","message":"\u001b[36m\u001b[32mDELETE /cart/1/product/8 204 - 23ms\u001b[0m\u001b[39m","timestamp":"2025-05-26T10:34:32.256Z"}
{"level":"\u001b[36minfo\u001b[39m","message":"\u001b[36m\u001b[32mGET /cart 200 - 9ms\u001b[0m\u001b[39m","timestamp":"2025-05-26T10:34:35.664Z"}
{"level":"\u001b[36minfo\u001b[39m","message":"\u001b[36m\u001b[32mPOST /cart/1/product/8 201 - 15ms\u001b[0m\u001b[39m","timestamp":"2025-05-26T10:34:42.683Z"}
{"level":"\u001b[36minfo\u001b[39m","message":"\u001b[36m\u001b[32mGET /cart 200 - 15ms\u001b[0m\u001b[39m","timestamp":"2025-05-26T10:35:01.187Z"}
{"level":"\u001b[36minfo\u001b[39m","message":"\u001b[36m\u001b[32mGET /cart 200 - 141ms\u001b[0m\u001b[39m","timestamp":"2025-05-28T06:48:32.782Z"}
{"level":"\u001b[36minfo\u001b[39m","message":"\u001b[36m\u001b[32mPATCH /cart/1/product/5 404 - 48ms\u001b[0m\u001b[39m","timestamp":"2025-05-28T06:49:11.571Z"}
{"level":"\u001b[36minfo\u001b[39m","message":"\u001b[36m\u001b[32mPOST /cart/1/product/8 400 - 73ms\u001b[0m\u001b[39m","timestamp":"2025-05-28T06:49:23.011Z"}
{"level":"\u001b[36minfo\u001b[39m","message":"\u001b[36m\u001b[32mPATCH /cart/1/product/5 404 - 47ms\u001b[0m\u001b[39m","timestamp":"2025-05-28T06:54:25.396Z"}
{"level":"\u001b[36minfo\u001b[39m","message":"\u001b[36m\u001b[32mPATCH /cart/1/product/5 400 - 38ms\u001b[0m\u001b[39m","timestamp":"2025-05-28T06:54:44.709Z"}
{"level":"\u001b[36minfo\u001b[39m","message":"\u001b[36m\u001b[32mPATCH /cart/1/product/5 400 - 45ms\u001b[0m\u001b[39m","timestamp":"2025-05-28T06:55:26.873Z"}
{"level":"\u001b[36minfo\u001b[39m","message":"\u001b[36m\u001b[32mPATCH /cart/1/product/5 500 - 263ms\u001b[0m\u001b[39m","timestamp":"2025-05-28T06:56:00.238Z"}
{"level":"\u001b[36minfo\u001b[39m","message":"\u001b[36m\u001b[32mPATCH /cart/1/product/5 404 - 89ms\u001b[0m\u001b[39m","timestamp":"2025-05-28T06:59:06.748Z"}
{"level":"\u001b[36minfo\u001b[39m","message":"\u001b[36m\u001b[32mPATCH /cart/1/product/8 200 - 24ms\u001b[0m\u001b[39m","timestamp":"2025-05-28T06:59:35.536Z"}
{"level":"\u001b[36minfo\u001b[39m","message":"\u001b[36m\u001b[32mPATCH /cart/1/product/8 404 - 9ms\u001b[0m\u001b[39m","timestamp":"2025-05-28T06:59:51.917Z"}
{"level":"\u001b[36minfo\u001b[39m","message":"\u001b[36m\u001b[32mPATCH /cart/1/product/8 200 - 18ms\u001b[0m\u001b[39m","timestamp":"2025-05-28T07:00:04.990Z"}
{"level":"\u001b[36minfo\u001b[39m","message":"\u001b[36m\u001b[32mPATCH /cart/1/product/8 400 - 50ms\u001b[0m\u001b[39m","timestamp":"2025-05-28T07:00:33.348Z"}
{"level":"\u001b[36minfo\u001b[39m","message":"\u001b[36m\u001b[32mPATCH /cart/1/product/8 400 - 126ms\u001b[0m\u001b[39m","timestamp":"2025-05-28T07:01:03.363Z"}
{"level":"\u001b[36minfo\u001b[39m","message":"\u001b[36m\u001b[32mPATCH /cart/1/product/8 400 - 8ms\u001b[0m\u001b[39m","timestamp":"2025-05-28T07:01:05.410Z"}
{"level":"\u001b[36minfo\u001b[39m","message":"\u001b[36m\u001b[32mPATCH /cart/1/product/8 400 - 48ms\u001b[0m\u001b[39m","timestamp":"2025-05-28T07:02:57.412Z"}
{"level":"\u001b[36minfo\u001b[39m","message":"\u001b[36m\u001b[32mGET /v1/cart 200 - 46ms\u001b[0m\u001b[39m","timestamp":"2025-05-28T07:21:44.335Z"}
{"level":"\u001b[36minfo\u001b[39m","message":"\u001b[36m\u001b[32mGET /v1/wishlist 404 - 36ms\u001b[0m\u001b[39m","timestamp":"2025-05-28T07:22:37.407Z"}
{"level":"\u001b[36minfo\u001b[39m","message":"\u001b[36m\u001b[32mPOST /v1/login 201 - 38ms\u001b[0m\u001b[39m","timestamp":"2025-05-28T07:25:41.482Z"}
{"level":"\u001b[36minfo\u001b[39m","message":"\u001b[36m\u001b[32mGET /v1/wishlist 200 - 9ms\u001b[0m\u001b[39m","timestamp":"2025-05-28T07:25:46.012Z"}
{"level":"\u001b[36minfo\u001b[39m","message":"\u001b[36m\u001b[32mPOST /v1/wishlist/1/product/8 201 - 107ms\u001b[0m\u001b[39m","timestamp":"2025-05-28T07:26:02.242Z"}
{"level":"\u001b[36minfo\u001b[39m","message":"\u001b[36m\u001b[32mPOST /v1/wishlist/1/product/9 201 - 76ms\u001b[0m\u001b[39m","timestamp":"2025-05-28T07:26:06.633Z"}
{"level":"\u001b[36minfo\u001b[39m","message":"\u001b[36m\u001b[32mPOST /v1/wishlist/1/product/10 201 - 84ms\u001b[0m\u001b[39m","timestamp":"2025-05-28T07:26:09.954Z"}
{"level":"\u001b[36minfo\u001b[39m","message":"\u001b[36m\u001b[32mPOST /v1/wishlist/1/product/50 400 - 29ms\u001b[0m\u001b[39m","timestamp":"2025-05-28T07:26:12.867Z"}
{"level":"\u001b[36minfo\u001b[39m","message":"\u001b[36m\u001b[32mGET /v1/wishlist 200 - 6ms\u001b[0m\u001b[39m","timestamp":"2025-05-28T07:27:56.382Z"}
{"level":"\u001b[36minfo\u001b[39m","message":"\u001b[36m\u001b[32mGET /v1/wishlist 200 - 7ms\u001b[0m\u001b[39m","timestamp":"2025-05-28T07:27:58.631Z"}
{"level":"\u001b[36minfo\u001b[39m","message":"\u001b[36m\u001b[32mPOST /v1/wishlist/3/product/2 400 - 15ms\u001b[0m\u001b[39m","timestamp":"2025-05-28T07:28:42.930Z"}
{"level":"\u001b[36minfo\u001b[39m","message":"\u001b[36m\u001b[32mPOST /v1/wishlist/3/product/5 201 - 18ms\u001b[0m\u001b[39m","timestamp":"2025-05-28T07:28:50.351Z"}
{"level":"\u001b[36minfo\u001b[39m","message":"\u001b[36m\u001b[32mPOST /v1/wishlist/3/product/8 201 - 26ms\u001b[0m\u001b[39m","timestamp":"2025-05-28T07:29:01.821Z"}
{"level":"\u001b[36minfo\u001b[39m","message":"\u001b[36m\u001b[32mPOST /v1/wishlist/3/product/7 201 - 16ms\u001b[0m\u001b[39m","timestamp":"2025-05-28T07:29:07.103Z"}
{"level":"\u001b[36minfo\u001b[39m","message":"\u001b[36m\u001b[32mPOST /v1/wishlist/3/product/7 400 - 9ms\u001b[0m\u001b[39m","timestamp":"2025-05-28T07:31:52.001Z"}
{"level":"\u001b[36minfo\u001b[39m","message":"\u001b[36m\u001b[32mGET /v1/wishlist 200 - 13ms\u001b[0m\u001b[39m","timestamp":"2025-05-28T07:32:34.855Z"}
{"level":"\u001b[36minfo\u001b[39m","message":"\u001b[36m\u001b[32mPOST /v1/wishlist/3/product/8 400 - 9ms\u001b[0m\u001b[39m","timestamp":"2025-05-28T07:33:00.330Z"}
{"level":"\u001b[36minfo\u001b[39m","message":"\u001b[36m\u001b[32mPOST /v1/wishlist/3/product/10 201 - 26ms\u001b[0m\u001b[39m","timestamp":"2025-05-28T07:33:03.928Z"}
{"level":"\u001b[36minfo\u001b[39m","message":"\u001b[36m\u001b[32mGET /v1/product/:id/rate 400 - 26ms\u001b[0m\u001b[39m","timestamp":"2025-05-29T06:12:07.622Z"}
{"level":"\u001b[36minfo\u001b[39m","message":"\u001b[36m\u001b[32mGET /v1/product/1/rate 404 - 62ms\u001b[0m\u001b[39m","timestamp":"2025-05-29T06:12:12.085Z"}
{"level":"\u001b[36minfo\u001b[39m","message":"\u001b[36m\u001b[32mGET /v1/product/7/rate 200 - 23ms\u001b[0m\u001b[39m","timestamp":"2025-05-29T06:12:34.254Z"}
{"level":"\u001b[36minfo\u001b[39m","message":"\u001b[36m\u001b[32mGET /v1/product/saagasdg/rate 400 - 5ms\u001b[0m\u001b[39m","timestamp":"2025-05-29T06:13:57.534Z"}
{"level":"\u001b[36minfo\u001b[39m","message":"\u001b[36m\u001b[32mGET /v1/product/454/rate 404 - 10ms\u001b[0m\u001b[39m","timestamp":"2025-05-29T06:14:04.236Z"}
{"level":"\u001b[36minfo\u001b[39m","message":"\u001b[36m\u001b[32mPOST /v1/product/4654/rate 401 - 1ms\u001b[0m\u001b[39m","timestamp":"2025-05-29T06:14:12.590Z"}
{"level":"\u001b[36minfo\u001b[39m","message":"\u001b[36m\u001b[32mGET /v1/product/454/rate 404 - 7ms\u001b[0m\u001b[39m","timestamp":"2025-05-29T06:14:34.687Z"}
{"level":"\u001b[36minfo\u001b[39m","message":"\u001b[36m\u001b[32mGET /v1/product/454/rate 404 - 40ms\u001b[0m\u001b[39m","timestamp":"2025-05-29T06:15:21.082Z"}
{"level":"\u001b[36minfo\u001b[39m","message":"\u001b[36m\u001b[32mGET /v1/product/454/rate 404 - 11ms\u001b[0m\u001b[39m","timestamp":"2025-05-29T06:15:26.367Z"}
{"level":"\u001b[36minfo\u001b[39m","message":"\u001b[36m\u001b[32mGET /v1/product/454/rate 404 - 36ms\u001b[0m\u001b[39m","timestamp":"2025-05-29T06:16:59.250Z"}
{"level":"\u001b[36minfo\u001b[39m","message":"\u001b[36m\u001b[32mPOST /v1/login 201 - 80ms\u001b[0m\u001b[39m","timestamp":"2025-05-29T06:17:43.024Z"}
{"level":"\u001b[36minfo\u001b[39m","message":"\u001b[36m\u001b[32mPOST /v1/product/4654/rate 401 - 10ms\u001b[0m\u001b[39m","timestamp":"2025-05-29T06:20:17.241Z"}
{"level":"\u001b[36minfo\u001b[39m","message":"\u001b[36m\u001b[32mPOST /v1/product/4654/rate 400 - 37ms\u001b[0m\u001b[39m","timestamp":"2025-05-29T06:20:57.109Z"}
{"level":"\u001b[36minfo\u001b[39m","message":"\u001b[36m\u001b[32mPOST /v1/product/4654/rate 400 - 319ms\u001b[0m\u001b[39m","timestamp":"2025-05-29T06:24:22.445Z"}
{"level":"\u001b[36minfo\u001b[39m","message":"\u001b[36m\u001b[32mPOST /v1/product/4654/rate 400 - 22ms\u001b[0m\u001b[39m","timestamp":"2025-05-29T06:24:52.923Z"}
{"level":"\u001b[36minfo\u001b[39m","message":"\u001b[36m\u001b[32mPOST /v1/product/4654/rate 400 - 9ms\u001b[0m\u001b[39m","timestamp":"2025-05-29T06:25:01.591Z"}
{"level":"\u001b[36minfo\u001b[39m","message":"\u001b[36m\u001b[32mPOST /v1/product/4654/rate 401 - 13ms\u001b[0m\u001b[39m","timestamp":"2025-05-29T06:25:32.353Z"}
{"level":"\u001b[36minfo\u001b[39m","message":"\u001b[36m\u001b[32mGET /v1/product/454/rate 404 - 49ms\u001b[0m\u001b[39m","timestamp":"2025-05-29T06:25:42.475Z"}
{"level":"\u001b[36minfo\u001b[39m","message":"\u001b[36m\u001b[32mPOST /v1/product/4654/rate 400 - 15ms\u001b[0m\u001b[39m","timestamp":"2025-05-29T06:26:31.282Z"}
{"level":"\u001b[36minfo\u001b[39m","message":"\u001b[36m\u001b[32mPOST /v1/product/46/rate 400 - 14ms\u001b[0m\u001b[39m","timestamp":"2025-05-29T06:27:10.857Z"}
{"level":"\u001b[36minfo\u001b[39m","message":"\u001b[36m\u001b[32mPOST /v1/product/46/rate 400 - 31ms\u001b[0m\u001b[39m","timestamp":"2025-05-29T06:28:16.477Z"}
{"level":"\u001b[36minfo\u001b[39m","message":"\u001b[36m\u001b[32mPOST /v1/product/46/rate 400 - 9ms\u001b[0m\u001b[39m","timestamp":"2025-05-29T06:28:34.244Z"}
{"level":"\u001b[36minfo\u001b[39m","message":"\u001b[36m\u001b[32mGET /v1/product/454/rate 404 - 26ms\u001b[0m\u001b[39m","timestamp":"2025-05-29T06:29:19.380Z"}
{"level":"\u001b[36minfo\u001b[39m","message":"\u001b[36m\u001b[32mGET /v1/product/1/rate 404 - 10ms\u001b[0m\u001b[39m","timestamp":"2025-05-29T06:29:25.820Z"}
{"level":"\u001b[36minfo\u001b[39m","message":"\u001b[36m\u001b[32mPOST /v1/product/1/rate 400 - 7ms\u001b[0m\u001b[39m","timestamp":"2025-05-29T06:29:51.725Z"}
{"level":"\u001b[36minfo\u001b[39m","message":"\u001b[36m\u001b[32mPOST /v1/product/1/rate 400 - 32ms\u001b[0m\u001b[39m","timestamp":"2025-05-29T06:30:46.336Z"}
{"level":"\u001b[36minfo\u001b[39m","message":"\u001b[36m\u001b[32mPOST /v1/product/1/rate 400 - 39ms\u001b[0m\u001b[39m","timestamp":"2025-05-29T06:31:02.326Z"}
{"level":"\u001b[36minfo\u001b[39m","message":"\u001b[36m\u001b[32mPOST /v1/product/1/rate 400 - 38ms\u001b[0m\u001b[39m","timestamp":"2025-05-29T06:31:27.075Z"}
{"level":"\u001b[36minfo\u001b[39m","message":"\u001b[36m\u001b[32mPOST /v1/product/1/rate 400 - 33ms\u001b[0m\u001b[39m","timestamp":"2025-05-29T06:31:56.688Z"}
{"level":"\u001b[36minfo\u001b[39m","message":"\u001b[36m\u001b[32mPOST /v1/product/1/rate 400 - 31ms\u001b[0m\u001b[39m","timestamp":"2025-05-29T06:33:27.466Z"}
{"level":"\u001b[36minfo\u001b[39m","message":"\u001b[36m\u001b[32mPOST /v1/product/1/rate 400 - 8ms\u001b[0m\u001b[39m","timestamp":"2025-05-29T06:33:30.482Z"}
{"level":"\u001b[36minfo\u001b[39m","message":"\u001b[36m\u001b[32mPOST /v1/product/1/rate 400 - 9ms\u001b[0m\u001b[39m","timestamp":"2025-05-29T06:33:34.786Z"}
{"level":"\u001b[36minfo\u001b[39m","message":"\u001b[36m\u001b[32mPOST /v1/product/1/rate 400 - 42ms\u001b[0m\u001b[39m","timestamp":"2025-05-29T06:33:57.142Z"}
{"level":"\u001b[36minfo\u001b[39m","message":"\u001b[36m\u001b[32mPOST /v1/product/1/rate 400 - 25ms\u001b[0m\u001b[39m","timestamp":"2025-05-29T06:34:21.370Z"}
{"level":"\u001b[36minfo\u001b[39m","message":"\u001b[36m\u001b[32mGET /v1/product/1/rate 400 - 30ms\u001b[0m\u001b[39m","timestamp":"2025-05-29T06:34:42.728Z"}
{"level":"\u001b[36minfo\u001b[39m","message":"\u001b[36m\u001b[32mGET /v1/product/1/rate 500 - 78ms\u001b[0m\u001b[39m","timestamp":"2025-05-29T06:35:33.868Z"}
{"level":"\u001b[36minfo\u001b[39m","message":"\u001b[36m\u001b[32mGET /v1/product/1/rate 400 - 26ms\u001b[0m\u001b[39m","timestamp":"2025-05-29T06:36:16.479Z"}
{"level":"\u001b[36minfo\u001b[39m","message":"\u001b[36m\u001b[32mGET /v1/product/3/rate 400 - 9ms\u001b[0m\u001b[39m","timestamp":"2025-05-29T06:37:52.271Z"}
{"level":"\u001b[36minfo\u001b[39m","message":"\u001b[36m\u001b[32mGET /v1/product/3/rate 400 - 27ms\u001b[0m\u001b[39m","timestamp":"2025-05-29T06:38:40.580Z"}
{"level":"\u001b[36minfo\u001b[39m","message":"\u001b[36m\u001b[32mGET /v1/product/3/rate 400 - 6ms\u001b[0m\u001b[39m","timestamp":"2025-05-29T06:38:43.336Z"}
{"level":"\u001b[36minfo\u001b[39m","message":"\u001b[36m\u001b[32mGET /v1/product/3/rate 500 - 96ms\u001b[0m\u001b[39m","timestamp":"2025-05-29T06:41:20.744Z"}
{"level":"\u001b[36minfo\u001b[39m","message":"\u001b[36m\u001b[32mGET /v1/product/3/rate 500 - 102ms\u001b[0m\u001b[39m","timestamp":"2025-05-29T06:43:04.091Z"}
{"level":"\u001b[36minfo\u001b[39m","message":"\u001b[36m\u001b[32mGET /v1/product/3/rate 200 - 56ms\u001b[0m\u001b[39m","timestamp":"2025-05-29T06:43:39.197Z"}
{"level":"\u001b[36minfo\u001b[39m","message":"\u001b[36m\u001b[32mGET /v1/product/7/rate 200 - 9ms\u001b[0m\u001b[39m","timestamp":"2025-05-29T06:43:49.806Z"}
{"level":"\u001b[36minfo\u001b[39m","message":"\u001b[36m\u001b[32mPOST /v1/product/1/rate 400 - 10ms\u001b[0m\u001b[39m","timestamp":"2025-05-29T06:44:01.392Z"}
{"level":"\u001b[36minfo\u001b[39m","message":"\u001b[36m\u001b[32mPOST /v1/product/1/rate 400 - 31ms\u001b[0m\u001b[39m","timestamp":"2025-05-29T06:45:05.392Z"}
{"level":"\u001b[36minfo\u001b[39m","message":"\u001b[36m\u001b[32mPOST /v1/product/1/rate 400 - 29ms\u001b[0m\u001b[39m","timestamp":"2025-05-29T06:46:36.100Z"}
{"level":"\u001b[36minfo\u001b[39m","message":"\u001b[36m\u001b[32mPOST /v1/product/1/rate 400 - 55ms\u001b[0m\u001b[39m","timestamp":"2025-05-29T06:47:42.103Z"}
{"level":"\u001b[36minfo\u001b[39m","message":"\u001b[36m\u001b[32mPOST /v1/product/1/rate 400 - 108ms\u001b[0m\u001b[39m","timestamp":"2025-05-29T06:48:04.307Z"}
{"level":"\u001b[36minfo\u001b[39m","message":"\u001b[36m\u001b[32mPOST /v1/product/7/rate 201 - 41ms\u001b[0m\u001b[39m","timestamp":"2025-05-29T06:48:35.219Z"}
{"level":"\u001b[36minfo\u001b[39m","message":"\u001b[36m\u001b[32mPOST /v1/product/7/rate 400 - 92ms\u001b[0m\u001b[39m","timestamp":"2025-05-29T06:49:18.197Z"}
{"level":"\u001b[36minfo\u001b[39m","message":"\u001b[36m\u001b[32mPOST /v1/product/7/rate 400 - 18ms\u001b[0m\u001b[39m","timestamp":"2025-05-29T06:51:59.884Z"}
{"level":"\u001b[36minfo\u001b[39m","message":"\u001b[36m\u001b[32mPOST /v1/product/8/rate 201 - 22ms\u001b[0m\u001b[39m","timestamp":"2025-05-29T06:52:09.125Z"}
{"level":"\u001b[36minfo\u001b[39m","message":"\u001b[36m\u001b[32mPOST /v1/product/10/rate 201 - 24ms\u001b[0m\u001b[39m","timestamp":"2025-05-29T06:52:16.811Z"}
{"level":"\u001b[36minfo\u001b[39m","message":"\u001b[36m\u001b[32mPOST /v1/product/55/rate 400 - 17ms\u001b[0m\u001b[39m","timestamp":"2025-05-29T06:52:20.358Z"}
{"level":"\u001b[36minfo\u001b[39m","message":"\u001b[36m\u001b[32mGET /v1/product/7/rate 200 - 35ms\u001b[0m\u001b[39m","timestamp":"2025-05-29T06:53:26.735Z"}
{"level":"\u001b[36minfo\u001b[39m","message":"\u001b[36m\u001b[32mPATCH /v1/product/7/rate 404 - 26ms\u001b[0m\u001b[39m","timestamp":"2025-05-29T06:54:08.397Z"}
{"level":"\u001b[36minfo\u001b[39m","message":"\u001b[36m\u001b[32mPATCH /v1/product/7/rate 500 - 113ms\u001b[0m\u001b[39m","timestamp":"2025-05-29T06:55:24.484Z"}
{"level":"\u001b[36minfo\u001b[39m","message":"\u001b[36m\u001b[32mPATCH /v1/product/7/rate 400 - 102ms\u001b[0m\u001b[39m","timestamp":"2025-05-29T06:57:45.202Z"}
{"level":"\u001b[36minfo\u001b[39m","message":"\u001b[36m\u001b[32mPATCH /v1/product/7/rate 400 - 45ms\u001b[0m\u001b[39m","timestamp":"2025-05-29T06:58:57.093Z"}
{"level":"\u001b[36minfo\u001b[39m","message":"\u001b[36m\u001b[32mPATCH /v1/product/7/rate 400 - 53ms\u001b[0m\u001b[39m","timestamp":"2025-05-29T06:59:31.197Z"}
{"level":"\u001b[36minfo\u001b[39m","message":"\u001b[36m\u001b[32mPATCH /v1/product/7/rate 200 - 98ms\u001b[0m\u001b[39m","timestamp":"2025-05-29T07:00:35.860Z"}
{"level":"\u001b[36minfo\u001b[39m","message":"\u001b[36m\u001b[32mGET /v1/product/7/rate 200 - 9ms\u001b[0m\u001b[39m","timestamp":"2025-05-29T07:00:41.279Z"}
{"level":"\u001b[36minfo\u001b[39m","message":"\u001b[36m\u001b[32mPATCH /v1/product/7/rate 200 - 30ms\u001b[0m\u001b[39m","timestamp":"2025-05-29T07:01:24.411Z"}
{"level":"\u001b[36minfo\u001b[39m","message":"\u001b[36m\u001b[32mPATCH /v1/product/7/rate 400 - 8ms\u001b[0m\u001b[39m","timestamp":"2025-05-29T07:01:31.167Z"}
{"level":"\u001b[36minfo\u001b[39m","message":"\u001b[36m\u001b[32mPATCH /v1/product/7/rate 200 - 39ms\u001b[0m\u001b[39m","timestamp":"2025-05-29T07:01:48.634Z"}
{"level":"\u001b[36minfo\u001b[39m","message":"\u001b[36m\u001b[32mPATCH /v1/product/7/rate 400 - 6ms\u001b[0m\u001b[39m","timestamp":"2025-05-29T07:02:00.782Z"}
{"level":"\u001b[36minfo\u001b[39m","message":"\u001b[36m\u001b[32mPATCH /v1/product/7/rate 200 - 15ms\u001b[0m\u001b[39m","timestamp":"2025-05-29T07:02:04.797Z"}
{"level":"\u001b[36minfo\u001b[39m","message":"\u001b[36m\u001b[32mDELETE /v1/rate/:id 400 - 23ms\u001b[0m\u001b[39m","timestamp":"2025-05-29T07:06:54.896Z"}
{"level":"\u001b[36minfo\u001b[39m","message":"\u001b[36m\u001b[32mDELETE /v1/rate/1 500 - 46ms\u001b[0m\u001b[39m","timestamp":"2025-05-29T07:06:59.149Z"}
{"level":"\u001b[36minfo\u001b[39m","message":"\u001b[36m\u001b[32mDELETE /v1/rate/7 204 - 19ms\u001b[0m\u001b[39m","timestamp":"2025-05-29T07:07:50.985Z"}
{"level":"\u001b[36minfo\u001b[39m","message":"\u001b[36m\u001b[32mDELETE /v1/rate/2 500 - 29ms\u001b[0m\u001b[39m","timestamp":"2025-05-29T07:08:00.727Z"}
{"level":"\u001b[36minfo\u001b[39m","message":"\u001b[36m\u001b[32mGET /v1/product 200 - 36ms\u001b[0m\u001b[39m","timestamp":"2025-05-29T07:34:40.775Z"}
{"level":"\u001b[36minfo\u001b[39m","message":"\u001b[36m\u001b[32mGET /v1/product 200 - 33ms\u001b[0m\u001b[39m","timestamp":"2025-05-29T07:54:01.566Z"}
{"level":"\u001b[36minfo\u001b[39m","message":"\u001b[36m\u001b[32mGET /v1/product/?page=1&pageSize=10 200 - 50ms\u001b[0m\u001b[39m","timestamp":"2025-05-29T07:56:22.077Z"}
{"level":"\u001b[36minfo\u001b[39m","message":"\u001b[36m\u001b[32mGET /v1/product/?page=1&pageSize=10 200 - 31ms\u001b[0m\u001b[39m","timestamp":"2025-05-29T08:00:12.906Z"}
{"level":"\u001b[36minfo\u001b[39m","message":"\u001b[36m\u001b[32mGET /v1/product/?page=1&pageSize=10 200 - 17ms\u001b[0m\u001b[39m","timestamp":"2025-05-29T08:01:41.737Z"}
{"level":"\u001b[36minfo\u001b[39m","message":"\u001b[36m\u001b[32mGET /v1/product/?page=1&pageSize=10 200 - 9ms\u001b[0m\u001b[39m","timestamp":"2025-05-29T08:03:20.493Z"}
{"level":"\u001b[36minfo\u001b[39m","message":"\u001b[36m\u001b[32mGET /v1/product/?page=1&pageSize=11 200 - 10ms\u001b[0m\u001b[39m","timestamp":"2025-05-29T08:03:38.053Z"}
{"level":"\u001b[36minfo\u001b[39m","message":"\u001b[36m\u001b[32mGET /v1/product/?page=1&pageSize=11 200 - 7ms\u001b[0m\u001b[39m","timestamp":"2025-05-29T08:04:15.406Z"}
{"level":"\u001b[36minfo\u001b[39m","message":"\u001b[36m\u001b[32mGET /v1/product/?page=1&pageSize=5 200 - 5ms\u001b[0m\u001b[39m","timestamp":"2025-05-29T08:04:31.486Z"}
{"level":"\u001b[36minfo\u001b[39m","message":"\u001b[36m\u001b[32mGET /v1/product/?page=1&pageSize=1 200 - 5ms\u001b[0m\u001b[39m","timestamp":"2025-05-29T08:04:39.244Z"}
{"level":"\u001b[36minfo\u001b[39m","message":"\u001b[36m\u001b[32mGET /v1/product/?page=1&pageSize=2 200 - 7ms\u001b[0m\u001b[39m","timestamp":"2025-05-29T08:04:43.935Z"}
{"level":"\u001b[36minfo\u001b[39m","message":"\u001b[36m\u001b[32mGET /v1/product/?page=1&pageSize=2 200 - 7ms\u001b[0m\u001b[39m","timestamp":"2025-05-29T08:05:07.449Z"}
{"level":"\u001b[36minfo\u001b[39m","message":"\u001b[36m\u001b[32mGET /v1/product/?page=1&pageSize=2 200 - 5ms\u001b[0m\u001b[39m","timestamp":"2025-05-29T08:06:38.450Z"}
{"level":"\u001b[36minfo\u001b[39m","message":"\u001b[36m\u001b[32mGET /v1/product/?page=1&pageSize=2 200 - 3ms\u001b[0m\u001b[39m","timestamp":"2025-05-29T08:06:52.325Z"}
{"level":"\u001b[36minfo\u001b[39m","message":"\u001b[36m\u001b[32mGET /v1/product/?page=1&pageSize=2 200 - 6ms\u001b[0m\u001b[39m","timestamp":"2025-05-29T08:07:32.431Z"}
{"level":"\u001b[36minfo\u001b[39m","message":"\u001b[36m\u001b[32mGET /v1/product/?page=1&pageSize=2 200 - 7ms\u001b[0m\u001b[39m","timestamp":"2025-05-29T08:07:52.167Z"}
{"level":"\u001b[36minfo\u001b[39m","message":"\u001b[36m\u001b[32mGET /v1/product/?page=1&pageSize=2 200 - 3ms\u001b[0m\u001b[39m","timestamp":"2025-05-29T08:08:05.931Z"}
{"level":"\u001b[36minfo\u001b[39m","message":"\u001b[36m\u001b[32mGET /v1/product/?page=1&pageSize=2 200 - 4ms\u001b[0m\u001b[39m","timestamp":"2025-05-29T08:08:51.256Z"}
{"level":"\u001b[36minfo\u001b[39m","message":"\u001b[36m\u001b[32mGET /v1/product/?page=1&pageSize=2 200 - 46ms\u001b[0m\u001b[39m","timestamp":"2025-05-29T08:09:47.056Z"}
{"level":"\u001b[36minfo\u001b[39m","message":"\u001b[36m\u001b[32mGET /v1/product/?page=1&pageSize=2 200 - 33ms\u001b[0m\u001b[39m","timestamp":"2025-05-29T08:10:09.173Z"}
{"level":"\u001b[36minfo\u001b[39m","message":"\u001b[36m\u001b[32mGET /v1/product/?page=1&pageSize=2 200 - 35ms\u001b[0m\u001b[39m","timestamp":"2025-05-29T08:56:04.044Z"}
{"level":"\u001b[36minfo\u001b[39m","message":"\u001b[36m\u001b[32mGET /v1/product/?page=1&pageSize=2 200 - 32ms\u001b[0m\u001b[39m","timestamp":"2025-05-29T09:01:05.627Z"}
{"level":"\u001b[36minfo\u001b[39m","message":"\u001b[36m\u001b[32mGET /v1/product/?page=1&pageSize=2 200 - 31ms\u001b[0m\u001b[39m","timestamp":"2025-05-29T09:01:44.025Z"}
{"level":"\u001b[36minfo\u001b[39m","message":"\u001b[36m\u001b[32mGET /v1/product/?page=1&pageSize=2 200 - 48ms\u001b[0m\u001b[39m","timestamp":"2025-05-29T09:20:08.215Z"}
{"level":"\u001b[36minfo\u001b[39m","message":"\u001b[36m\u001b[32mGET /v1/product/?page=3&pageSize=2 200 - 9ms\u001b[0m\u001b[39m","timestamp":"2025-05-29T09:20:26.148Z"}
{"level":"\u001b[36minfo\u001b[39m","message":"\u001b[36m\u001b[32mGET /v1/product/?page=3&pageSize=10 200 - 51ms\u001b[0m\u001b[39m","timestamp":"2025-05-29T09:21:12.608Z"}
{"level":"\u001b[36minfo\u001b[39m","message":"\u001b[36m\u001b[32mGET /v1/product/?page=1&pageSize=10 200 - 8ms\u001b[0m\u001b[39m","timestamp":"2025-05-29T09:21:23.067Z"}
{"level":"\u001b[36minfo\u001b[39m","message":"\u001b[36m\u001b[32mGET /v1/product/?page=2&pageSize=10 200 - 6ms\u001b[0m\u001b[39m","timestamp":"2025-05-29T09:21:31.530Z"}
{"level":"\u001b[36minfo\u001b[39m","message":"\u001b[36m\u001b[32mGET /v1/product/?page=2&pageSize=11 200 - 8ms\u001b[0m\u001b[39m","timestamp":"2025-05-29T09:21:39.390Z"}
{"level":"\u001b[36minfo\u001b[39m","message":"\u001b[36m\u001b[32mGET /v1/product/?page=1&pageSize=11 200 - 7ms\u001b[0m\u001b[39m","timestamp":"2025-05-29T09:21:44.420Z"}
{"level":"\u001b[36minfo\u001b[39m","message":"\u001b[36m\u001b[32mGET /v1/product/?page=1 200 - 8ms\u001b[0m\u001b[39m","timestamp":"2025-05-29T09:23:17.744Z"}
{"level":"\u001b[36minfo\u001b[39m","message":"\u001b[36m\u001b[32mGET /v1/product/?page=1 200 - 51ms\u001b[0m\u001b[39m","timestamp":"2025-05-29T09:23:53.546Z"}
{"level":"\u001b[36minfo\u001b[39m","message":"\u001b[36m\u001b[32mGET /v1/user 200 - 31ms\u001b[0m\u001b[39m","timestamp":"2025-05-29T09:30:00.000Z"}
{"level":"\u001b[36minfo\u001b[39m","message":"\u001b[36m\u001b[32mGET /v1/user 200 - 34ms\u001b[0m\u001b[39m","timestamp":"2025-05-29T09:35:14.718Z"}
{"level":"\u001b[36minfo\u001b[39m","message":"\u001b[36m\u001b[32mGET /v1/user/?paeg=2 200 - 8ms\u001b[0m\u001b[39m","timestamp":"2025-05-29T09:35:32.571Z"}
{"level":"\u001b[36minfo\u001b[39m","message":"\u001b[36m\u001b[32mGET /v1/user/?paeg=2&pageSize=5 200 - 5ms\u001b[0m\u001b[39m","timestamp":"2025-05-29T09:35:51.908Z"}
{"level":"\u001b[36minfo\u001b[39m","message":"\u001b[36m\u001b[32mGET /v1/user/?paeg=1&pageSize=5 200 - 8ms\u001b[0m\u001b[39m","timestamp":"2025-05-29T09:36:01.473Z"}
{"level":"\u001b[36minfo\u001b[39m","message":"\u001b[36m\u001b[32mGET /v1/user/?paeg=2&pageSize=5 200 - 7ms\u001b[0m\u001b[39m","timestamp":"2025-05-29T09:36:06.877Z"}
{"level":"\u001b[36minfo\u001b[39m","message":"\u001b[36m\u001b[32mGET /v1/user/?paeg=3&pageSize=5 200 - 9ms\u001b[0m\u001b[39m","timestamp":"2025-05-29T09:37:06.170Z"}
{"level":"\u001b[36minfo\u001b[39m","message":"\u001b[36m\u001b[32mGET /v1/product/?page=1 200 - 13ms\u001b[0m\u001b[39m","timestamp":"2025-05-29T09:41:26.523Z"}
{"level":"\u001b[36minfo\u001b[39m","message":"\u001b[36m\u001b[32mGET /v1/user/?paeg=3&pageSize=5 200 - 8ms\u001b[0m\u001b[39m","timestamp":"2025-05-29T09:41:32.092Z"}
{"level":"\u001b[36minfo\u001b[39m","message":"\u001b[36m\u001b[32mGET /v1/user/?paeg=3&pageSize=5 200 - 69ms\u001b[0m\u001b[39m","timestamp":"2025-05-29T09:42:40.037Z"}
{"level":"\u001b[36minfo\u001b[39m","message":"\u001b[36m\u001b[32mGET /v1/user/?page=3&pageSize=5 200 - 28ms\u001b[0m\u001b[39m","timestamp":"2025-05-29T09:43:22.413Z"}
{"level":"\u001b[36minfo\u001b[39m","message":"\u001b[36m\u001b[32mGET /v1/user/?page=4&pageSize=5 200 - 10ms\u001b[0m\u001b[39m","timestamp":"2025-05-29T09:43:36.470Z"}
{"level":"\u001b[36minfo\u001b[39m","message":"\u001b[36m\u001b[32mGET /v1/user/?page=6&pageSize=5 200 - 5ms\u001b[0m\u001b[39m","timestamp":"2025-05-29T09:43:43.860Z"}
{"level":"\u001b[36minfo\u001b[39m","message":"\u001b[36m\u001b[32mGET /v1/user/?page=8&pageSize=5 200 - 8ms\u001b[0m\u001b[39m","timestamp":"2025-05-29T09:43:51.700Z"}
{"level":"\u001b[36minfo\u001b[39m","message":"\u001b[36m\u001b[32mGET /v1/user/?page=4&pageSize=5 200 - 9ms\u001b[0m\u001b[39m","timestamp":"2025-05-29T09:44:13.699Z"}
{"level":"\u001b[36minfo\u001b[39m","message":"\u001b[36m\u001b[32mGET /v1/user/?page=4&pageSize=1 200 - 7ms\u001b[0m\u001b[39m","timestamp":"2025-05-29T09:44:58.934Z"}
{"level":"\u001b[36minfo\u001b[39m","message":"\u001b[36m\u001b[32mGET /api-docs 301 - 8ms\u001b[0m\u001b[39m","timestamp":"2025-05-29T10:26:35.984Z"}
{"level":"\u001b[36minfo\u001b[39m","message":"\u001b[36m\u001b[32mGET /api-docs/ 200 - 4ms\u001b[0m\u001b[39m","timestamp":"2025-05-29T10:26:35.995Z"}
{"level":"\u001b[36minfo\u001b[39m","message":"\u001b[36m\u001b[32mGET /api-docs/swagger-ui-init.js 200 - 2ms\u001b[0m\u001b[39m","timestamp":"2025-05-29T10:26:36.075Z"}
{"level":"\u001b[36minfo\u001b[39m","message":"\u001b[36m\u001b[32mGET /api-docs/swagger-ui.css 200 - 34ms\u001b[0m\u001b[39m","timestamp":"2025-05-29T10:26:36.080Z"}
{"level":"\u001b[36minfo\u001b[39m","message":"\u001b[36m\u001b[32mGET /api-docs/swagger-ui-standalone-preset.js 200 - 27ms\u001b[0m\u001b[39m","timestamp":"2025-05-29T10:26:36.092Z"}
{"level":"\u001b[36minfo\u001b[39m","message":"\u001b[36m\u001b[32mGET /api-docs/swagger-ui-bundle.js 200 - 77ms\u001b[0m\u001b[39m","timestamp":"2025-05-29T10:26:36.140Z"}
{"level":"\u001b[36minfo\u001b[39m","message":"\u001b[36m\u001b[32mGET /api-docs/favicon-32x32.png 200 - 3ms\u001b[0m\u001b[39m","timestamp":"2025-05-29T10:26:37.149Z"}
{"level":"\u001b[36minfo\u001b[39m","message":"\u001b[36m\u001b[32mGET /api-docs/ 304 - 25ms\u001b[0m\u001b[39m","timestamp":"2025-05-29T10:27:08.234Z"}
{"level":"\u001b[36minfo\u001b[39m","message":"\u001b[36m\u001b[32mGET /api-docs/swagger-ui.css 304 - 4ms\u001b[0m\u001b[39m","timestamp":"2025-05-29T10:27:08.263Z"}
{"level":"\u001b[36minfo\u001b[39m","message":"\u001b[36m\u001b[32mGET /api-docs/swagger-ui-bundle.js 304 - 4ms\u001b[0m\u001b[39m","timestamp":"2025-05-29T10:27:08.292Z"}
{"level":"\u001b[36minfo\u001b[39m","message":"\u001b[36m\u001b[32mGET /api-docs/swagger-ui-init.js 304 - 2ms\u001b[0m\u001b[39m","timestamp":"2025-05-29T10:27:08.304Z"}
{"level":"\u001b[36minfo\u001b[39m","message":"\u001b[36m\u001b[32mGET /api-docs/swagger-ui-standalone-preset.js 304 - 20ms\u001b[0m\u001b[39m","timestamp":"2025-05-29T10:27:08.310Z"}
{"level":"\u001b[36minfo\u001b[39m","message":"\u001b[36m\u001b[32mGET /api-docs/favicon-32x32.png 304 - 2ms\u001b[0m\u001b[39m","timestamp":"2025-05-29T10:27:08.592Z"}
{"level":"\u001b[36minfo\u001b[39m","message":"\u001b[36m\u001b[32mGET /api-docs/ 304 - 4ms\u001b[0m\u001b[39m","timestamp":"2025-05-29T10:27:09.950Z"}
{"level":"\u001b[36minfo\u001b[39m","message":"\u001b[36m\u001b[32mGET /api-docs/swagger-ui.css 304 - 6ms\u001b[0m\u001b[39m","timestamp":"2025-05-29T10:27:10.022Z"}
{"level":"\u001b[36minfo\u001b[39m","message":"\u001b[36m\u001b[32mGET /api-docs/swagger-ui-bundle.js 304 - 9ms\u001b[0m\u001b[39m","timestamp":"2025-05-29T10:27:10.027Z"}
{"level":"\u001b[36minfo\u001b[39m","message":"\u001b[36m\u001b[32mGET /api-docs/swagger-ui-standalone-preset.js 304 - 17ms\u001b[0m\u001b[39m","timestamp":"2025-05-29T10:27:10.037Z"}
{"level":"\u001b[36minfo\u001b[39m","message":"\u001b[36m\u001b[32mGET /api-docs/swagger-ui-init.js 304 - 1ms\u001b[0m\u001b[39m","timestamp":"2025-05-29T10:27:10.041Z"}
{"level":"\u001b[36minfo\u001b[39m","message":"\u001b[36m\u001b[32mGET /api-docs/favicon-32x32.png 304 - 2ms\u001b[0m\u001b[39m","timestamp":"2025-05-29T10:27:10.246Z"}
{"level":"\u001b[36minfo\u001b[39m","message":"\u001b[36m\u001b[32mGET /api-docs/ 304 - 19ms\u001b[0m\u001b[39m","timestamp":"2025-05-29T10:28:23.230Z"}
{"level":"\u001b[36minfo\u001b[39m","message":"\u001b[36m\u001b[32mGET /api-docs/swagger-ui.css 304 - 6ms\u001b[0m\u001b[39m","timestamp":"2025-05-29T10:28:23.356Z"}
{"level":"\u001b[36minfo\u001b[39m","message":"\u001b[36m\u001b[32mGET /api-docs/swagger-ui-init.js 304 - 1ms\u001b[0m\u001b[39m","timestamp":"2025-05-29T10:28:23.367Z"}
{"level":"\u001b[36minfo\u001b[39m","message":"\u001b[36m\u001b[32mGET /api-docs/swagger-ui-bundle.js 304 - 8ms\u001b[0m\u001b[39m","timestamp":"2025-05-29T10:28:23.372Z"}
{"level":"\u001b[36minfo\u001b[39m","message":"\u001b[36m\u001b[32mGET /api-docs/swagger-ui-standalone-preset.js 304 - 12ms\u001b[0m\u001b[39m","timestamp":"2025-05-29T10:28:23.381Z"}
{"level":"\u001b[36minfo\u001b[39m","message":"\u001b[36m\u001b[32mGET /api-docs/favicon-32x32.png 304 - 5ms\u001b[0m\u001b[39m","timestamp":"2025-05-29T10:28:23.638Z"}
{"level":"\u001b[36minfo\u001b[39m","message":"\u001b[36m\u001b[32mGET /api-docs/ 304 - 2ms\u001b[0m\u001b[39m","timestamp":"2025-05-29T10:28:26.452Z"}
{"level":"\u001b[36minfo\u001b[39m","message":"\u001b[36m\u001b[32mGET /api-docs/swagger-ui.css 304 - 2ms\u001b[0m\u001b[39m","timestamp":"2025-05-29T10:28:26.496Z"}
{"level":"\u001b[36minfo\u001b[39m","message":"\u001b[36m\u001b[32mGET /api-docs/swagger-ui-init.js 304 - 1ms\u001b[0m\u001b[39m","timestamp":"2025-05-29T10:28:26.514Z"}
{"level":"\u001b[36minfo\u001b[39m","message":"\u001b[36m\u001b[32mGET /api-docs/swagger-ui-bundle.js 304 - 10ms\u001b[0m\u001b[39m","timestamp":"2025-05-29T10:28:26.518Z"}
{"level":"\u001b[36minfo\u001b[39m","message":"\u001b[36m\u001b[32mGET /api-docs/swagger-ui-standalone-preset.js 304 - 26ms\u001b[0m\u001b[39m","timestamp":"2025-05-29T10:28:26.536Z"}
{"level":"\u001b[36minfo\u001b[39m","message":"\u001b[36m\u001b[32mGET /api-docs/favicon-32x32.png 304 - 3ms\u001b[0m\u001b[39m","timestamp":"2025-05-29T10:28:26.756Z"}
{"level":"\u001b[36minfo\u001b[39m","message":"\u001b[36m\u001b[32mGET /api-docs/ 200 - 9ms\u001b[0m\u001b[39m","timestamp":"2025-05-29T10:28:29.928Z"}
{"level":"\u001b[36minfo\u001b[39m","message":"\u001b[36m\u001b[32mGET /api-docs/swagger-ui.css 200 - 16ms\u001b[0m\u001b[39m","timestamp":"2025-05-29T10:28:30.004Z"}
{"level":"\u001b[36minfo\u001b[39m","message":"\u001b[36m\u001b[32mGET /api-docs/swagger-ui-init.js 200 - 2ms\u001b[0m\u001b[39m","timestamp":"2025-05-29T10:28:30.014Z"}
{"level":"\u001b[36minfo\u001b[39m","message":"\u001b[36m\u001b[32mGET /api-docs/swagger-ui-standalone-preset.js 200 - 14ms\u001b[0m\u001b[39m","timestamp":"2025-05-29T10:28:30.025Z"}
{"level":"\u001b[36minfo\u001b[39m","message":"\u001b[36m\u001b[32mGET /api-docs/swagger-ui-bundle.js 200 - 33ms\u001b[0m\u001b[39m","timestamp":"2025-05-29T10:28:30.042Z"}
{"level":"\u001b[36minfo\u001b[39m","message":"\u001b[36m\u001b[32mGET /api-docs/favicon-32x32.png 200 - 3ms\u001b[0m\u001b[39m","timestamp":"2025-05-29T10:28:30.359Z"}
{"level":"\u001b[36minfo\u001b[39m","message":"\u001b[36m\u001b[32mGET /api-docs/ 200 - 21ms\u001b[0m\u001b[39m","timestamp":"2025-05-29T10:29:09.443Z"}
{"level":"\u001b[36minfo\u001b[39m","message":"\u001b[36m\u001b[32mGET /api-docs/swagger-ui-init.js 200 - 2ms\u001b[0m\u001b[39m","timestamp":"2025-05-29T10:29:09.500Z"}
{"level":"\u001b[36minfo\u001b[39m","message":"\u001b[36m\u001b[32mGET /api-docs/swagger-ui.css 200 - 31ms\u001b[0m\u001b[39m","timestamp":"2025-05-29T10:29:09.522Z"}
{"level":"\u001b[36minfo\u001b[39m","message":"\u001b[36m\u001b[32mGET /api-docs/swagger-ui-standalone-preset.js 200 - 43ms\u001b[0m\u001b[39m","timestamp":"2025-05-29T10:29:09.541Z"}
{"level":"\u001b[36minfo\u001b[39m","message":"\u001b[36m\u001b[32mGET /api-docs/swagger-ui-bundle.js 200 - 79ms\u001b[0m\u001b[39m","timestamp":"2025-05-29T10:29:09.574Z"}
{"level":"\u001b[36minfo\u001b[39m","message":"\u001b[36m\u001b[32mGET /api-docs/favicon-32x32.png 200 - 4ms\u001b[0m\u001b[39m","timestamp":"2025-05-29T10:29:09.870Z"}
{"level":"\u001b[36minfo\u001b[39m","message":"\u001b[36m\u001b[32mGET /api-docs/ 200 - 17ms\u001b[0m\u001b[39m","timestamp":"2025-05-29T10:29:33.623Z"}
{"level":"\u001b[36minfo\u001b[39m","message":"\u001b[36m\u001b[32mGET /api-docs/swagger-ui.css 200 - 14ms\u001b[0m\u001b[39m","timestamp":"2025-05-29T10:29:33.671Z"}
{"level":"\u001b[36minfo\u001b[39m","message":"\u001b[36m\u001b[32mGET /api-docs/swagger-ui-init.js 200 - 2ms\u001b[0m\u001b[39m","timestamp":"2025-05-29T10:29:33.693Z"}
{"level":"\u001b[36minfo\u001b[39m","message":"\u001b[36m\u001b[32mGET /api-docs/swagger-ui-standalone-preset.js 200 - 23ms\u001b[0m\u001b[39m","timestamp":"2025-05-29T10:29:33.713Z"}
{"level":"\u001b[36minfo\u001b[39m","message":"\u001b[36m\u001b[32mGET /api-docs/swagger-ui-bundle.js 200 - 65ms\u001b[0m\u001b[39m","timestamp":"2025-05-29T10:29:33.753Z"}
{"level":"\u001b[36minfo\u001b[39m","message":"\u001b[36m\u001b[32mGET /api-docs/favicon-32x32.png 200 - 2ms\u001b[0m\u001b[39m","timestamp":"2025-05-29T10:29:34.735Z"}
{"level":"\u001b[36minfo\u001b[39m","message":"\u001b[36m\u001b[32mGET /api-docs/ 200 - 28ms\u001b[0m\u001b[39m","timestamp":"2025-05-29T10:33:36.076Z"}
{"level":"\u001b[36minfo\u001b[39m","message":"\u001b[36m\u001b[32mGET /api-docs/swagger-ui-init.js 200 - 2ms\u001b[0m\u001b[39m","timestamp":"2025-05-29T10:33:36.140Z"}
{"level":"\u001b[36minfo\u001b[39m","message":"\u001b[36m\u001b[32mGET /api-docs/swagger-ui.css 200 - 29ms\u001b[0m\u001b[39m","timestamp":"2025-05-29T10:33:36.156Z"}
{"level":"\u001b[36minfo\u001b[39m","message":"\u001b[36m\u001b[32mGET /api-docs/swagger-ui-standalone-preset.js 200 - 35ms\u001b[0m\u001b[39m","timestamp":"2025-05-29T10:33:36.169Z"}
{"level":"\u001b[36minfo\u001b[39m","message":"\u001b[36m\u001b[32mGET /api-docs/swagger-ui-bundle.js 200 - 64ms\u001b[0m\u001b[39m","timestamp":"2025-05-29T10:33:36.194Z"}
{"level":"\u001b[36minfo\u001b[39m","message":"\u001b[36m\u001b[32mGET /api-docs/favicon-32x32.png 200 - 5ms\u001b[0m\u001b[39m","timestamp":"2025-05-29T10:33:36.598Z"}
{"level":"\u001b[36minfo\u001b[39m","message":"\u001b[36m\u001b[32mGET /api-docs/ 200 - 21ms\u001b[0m\u001b[39m","timestamp":"2025-05-29T10:35:38.530Z"}
{"level":"\u001b[36minfo\u001b[39m","message":"\u001b[36m\u001b[32mGET /api-docs/swagger-ui-init.js 200 - 2ms\u001b[0m\u001b[39m","timestamp":"2025-05-29T10:35:38.595Z"}
{"level":"\u001b[36minfo\u001b[39m","message":"\u001b[36m\u001b[32mGET /api-docs/swagger-ui.css 200 - 35ms\u001b[0m\u001b[39m","timestamp":"2025-05-29T10:35:38.611Z"}
{"level":"\u001b[36minfo\u001b[39m","message":"\u001b[36m\u001b[32mGET /api-docs/swagger-ui-standalone-preset.js 200 - 33ms\u001b[0m\u001b[39m","timestamp":"2025-05-29T10:35:38.625Z"}
{"level":"\u001b[36minfo\u001b[39m","message":"\u001b[36m\u001b[32mGET /api-docs/swagger-ui-bundle.js 200 - 66ms\u001b[0m\u001b[39m","timestamp":"2025-05-29T10:35:38.656Z"}
{"level":"\u001b[36minfo\u001b[39m","message":"\u001b[36m\u001b[32mGET /api-docs/favicon-32x32.png 304 - 2ms\u001b[0m\u001b[39m","timestamp":"2025-05-29T10:35:38.976Z"}
{"level":"\u001b[36minfo\u001b[39m","message":"\u001b[36m\u001b[32mGET /api-docs/ 200 - 20ms\u001b[0m\u001b[39m","timestamp":"2025-05-29T10:39:36.918Z"}
{"level":"\u001b[36minfo\u001b[39m","message":"\u001b[36m\u001b[32mGET /api-docs/swagger-ui.css 304 - 4ms\u001b[0m\u001b[39m","timestamp":"2025-05-29T10:39:36.947Z"}
{"level":"\u001b[36minfo\u001b[39m","message":"\u001b[36m\u001b[32mGET /api-docs/swagger-ui-bundle.js 304 - 3ms\u001b[0m\u001b[39m","timestamp":"2025-05-29T10:39:36.981Z"}
{"level":"\u001b[36minfo\u001b[39m","message":"\u001b[36m\u001b[32mGET /api-docs/swagger-ui-init.js 200 - 1ms\u001b[0m\u001b[39m","timestamp":"2025-05-29T10:39:36.991Z"}
{"level":"\u001b[36minfo\u001b[39m","message":"\u001b[36m\u001b[32mGET /api-docs/swagger-ui-standalone-preset.js 304 - 10ms\u001b[0m\u001b[39m","timestamp":"2025-05-29T10:39:36.998Z"}
{"level":"\u001b[36minfo\u001b[39m","message":"\u001b[36m\u001b[32mGET /api-docs/favicon-32x32.png 200 - 23ms\u001b[0m\u001b[39m","timestamp":"2025-05-29T10:39:38.219Z"}
{"level":"\u001b[36minfo\u001b[39m","message":"\u001b[36m\u001b[32mGET /api-docs/ 200 - 12ms\u001b[0m\u001b[39m","timestamp":"2025-05-29T10:40:41.030Z"}
{"level":"\u001b[36minfo\u001b[39m","message":"\u001b[36m\u001b[32mGET /api-docs/swagger-ui.css 200 - 19ms\u001b[0m\u001b[39m","timestamp":"2025-05-29T10:40:41.082Z"}
{"level":"\u001b[36minfo\u001b[39m","message":"\u001b[36m\u001b[32mGET /api-docs/swagger-ui-init.js 200 - 1ms\u001b[0m\u001b[39m","timestamp":"2025-05-29T10:40:41.101Z"}
{"level":"\u001b[36minfo\u001b[39m","message":"\u001b[36m\u001b[32mGET /api-docs/swagger-ui-standalone-preset.js 200 - 14ms\u001b[0m\u001b[39m","timestamp":"2025-05-29T10:40:41.113Z"}
{"level":"\u001b[36minfo\u001b[39m","message":"\u001b[36m\u001b[32mGET /api-docs/swagger-ui-bundle.js 200 - 44ms\u001b[0m\u001b[39m","timestamp":"2025-05-29T10:40:41.141Z"}
{"level":"\u001b[36minfo\u001b[39m","message":"\u001b[36m\u001b[32mGET /api-docs/favicon-32x32.png 200 - 6ms\u001b[0m\u001b[39m","timestamp":"2025-05-29T10:40:41.571Z"}
{"level":"\u001b[36minfo\u001b[39m","message":"\u001b[36m\u001b[32mGET /api-docs/ 304 - 9ms\u001b[0m\u001b[39m","timestamp":"2025-05-29T10:44:35.106Z"}
{"level":"\u001b[36minfo\u001b[39m","message":"\u001b[36m\u001b[32mGET /api-docs/swagger-ui.css 304 - 6ms\u001b[0m\u001b[39m","timestamp":"2025-05-29T10:44:35.148Z"}
{"level":"\u001b[36minfo\u001b[39m","message":"\u001b[36m\u001b[32mGET /api-docs/swagger-ui-bundle.js 304 - 4ms\u001b[0m\u001b[39m","timestamp":"2025-05-29T10:44:35.162Z"}
{"level":"\u001b[36minfo\u001b[39m","message":"\u001b[36m\u001b[32mGET /api-docs/swagger-ui-standalone-preset.js 304 - 19ms\u001b[0m\u001b[39m","timestamp":"2025-05-29T10:44:35.180Z"}
{"level":"\u001b[36minfo\u001b[39m","message":"\u001b[36m\u001b[32mGET /api-docs/swagger-ui-init.js 200 - 3ms\u001b[0m\u001b[39m","timestamp":"2025-05-29T10:44:35.192Z"}
{"level":"\u001b[36minfo\u001b[39m","message":"\u001b[36m\u001b[32mGET /api-docs/favicon-32x32.png 304 - 2ms\u001b[0m\u001b[39m","timestamp":"2025-05-29T10:44:36.398Z"}
{"level":"\u001b[36minfo\u001b[39m","message":"\u001b[36m\u001b[32mPOST /v1/sign-up 400 - 34ms\u001b[0m\u001b[39m","timestamp":"2025-06-01T06:19:50.499Z"}
{"level":"\u001b[36minfo\u001b[39m","message":"\u001b[36m\u001b[32mPOST /v1/sign-up 400 - 6ms\u001b[0m\u001b[39m","timestamp":"2025-06-01T06:25:05.380Z"}
{"level":"\u001b[36minfo\u001b[39m","message":"\u001b[36m\u001b[32mPOST /v1/sign-up 400 - 3ms\u001b[0m\u001b[39m","timestamp":"2025-06-01T06:25:19.340Z"}
{"level":"\u001b[36minfo\u001b[39m","message":"\u001b[36m\u001b[32mPOST /v1/sign-up 400 - 4ms\u001b[0m\u001b[39m","timestamp":"2025-06-01T06:25:34.936Z"}
{"level":"\u001b[36minfo\u001b[39m","message":"\u001b[36m\u001b[32mPOST /v1/sign-up 400 - 45ms\u001b[0m\u001b[39m","timestamp":"2025-06-01T06:27:49.887Z"}
{"level":"\u001b[36minfo\u001b[39m","message":"\u001b[36m\u001b[32mPOST /v1/sign-up 400 - 3ms\u001b[0m\u001b[39m","timestamp":"2025-06-01T06:28:42.480Z"}
{"level":"\u001b[36minfo\u001b[39m","message":"\u001b[36m\u001b[32mPOST /v1/sign-up 201 - 186ms\u001b[0m\u001b[39m","timestamp":"2025-06-01T06:28:55.094Z"}
{"level":"\u001b[36minfo\u001b[39m","message":"\u001b[36m\u001b[32mPOST /v1/login 201 - 112ms\u001b[0m\u001b[39m","timestamp":"2025-06-01T06:29:36.472Z"}
{"level":"\u001b[36minfo\u001b[39m","message":"\u001b[36m\u001b[32mPOST /v1/sign-up 400 - 3ms\u001b[0m\u001b[39m","timestamp":"2025-06-01T06:30:09.573Z"}
{"level":"\u001b[36minfo\u001b[39m","message":"\u001b[36m\u001b[32mPOST /v1/sign-up 400 - 35ms\u001b[0m\u001b[39m","timestamp":"2025-06-01T06:37:38.211Z"}
{"level":"\u001b[36minfo\u001b[39m","message":"\u001b[36m\u001b[32mPOST /v1/sign-up 400 - 4ms\u001b[0m\u001b[39m","timestamp":"2025-06-01T06:37:39.696Z"}
{"level":"\u001b[36minfo\u001b[39m","message":"\u001b[36m\u001b[32mPOST /v1/login 201 - 226ms\u001b[0m\u001b[39m","timestamp":"2025-06-03T08:26:19.951Z"}
{"level":"\u001b[36minfo\u001b[39m","message":"\u001b[36m\u001b[32mPOST /v1/login 201 - 145ms\u001b[0m\u001b[39m","timestamp":"2025-06-03T08:30:50.296Z"}
{"level":"\u001b[36minfo\u001b[39m","message":"\u001b[36m\u001b[32mGET /v1/order 200 - 18ms\u001b[0m\u001b[39m","timestamp":"2025-06-03T08:31:11.175Z"}
{"level":"\u001b[36minfo\u001b[39m","message":"\u001b[36m\u001b[32mGET /v1/order 200 - 10ms\u001b[0m\u001b[39m","timestamp":"2025-06-03T08:31:16.305Z"}
{"level":"\u001b[36minfo\u001b[39m","message":"\u001b[36m\u001b[32mGET /v1/order 200 - 10ms\u001b[0m\u001b[39m","timestamp":"2025-06-03T08:33:02.308Z"}
{"level":"\u001b[36minfo\u001b[39m","message":"\u001b[36m\u001b[32mGET /v1/order 200 - 13ms\u001b[0m\u001b[39m","timestamp":"2025-06-03T08:33:28.355Z"}
{"level":"\u001b[36minfo\u001b[39m","message":"\u001b[36m\u001b[32mPOST /v1/order/5/proudct/:productId 404 - 3ms\u001b[0m\u001b[39m","timestamp":"2025-06-03T08:33:48.963Z"}
{"level":"\u001b[36minfo\u001b[39m","message":"\u001b[36m\u001b[32mPOST /v1/order/5/product/:productId 400 - 10ms\u001b[0m\u001b[39m","timestamp":"2025-06-03T08:34:21.156Z"}
{"level":"\u001b[36minfo\u001b[39m","message":"\u001b[36m\u001b[32mPOST /v1/order/2/product/9 400 - 6ms\u001b[0m\u001b[39m","timestamp":"2025-06-03T08:34:52.562Z"}
{"level":"\u001b[36minfo\u001b[39m","message":"\u001b[36m\u001b[32mPOST /v1/order/2/product/9 400 - 3ms\u001b[0m\u001b[39m","timestamp":"2025-06-03T08:35:08.919Z"}
{"level":"\u001b[36minfo\u001b[39m","message":"\u001b[36m\u001b[32mPOST /v1/order/2/product/9 400 - 33ms\u001b[0m\u001b[39m","timestamp":"2025-06-03T08:35:37.492Z"}
{"level":"\u001b[36minfo\u001b[39m","message":"\u001b[36m\u001b[32mPOST /v1/order/2/product/2 400 - 16ms\u001b[0m\u001b[39m","timestamp":"2025-06-03T08:35:50.766Z"}
{"level":"\u001b[36minfo\u001b[39m","message":"\u001b[36m\u001b[32mPOST /v1/order/2/product/10 201 - 17ms\u001b[0m\u001b[39m","timestamp":"2025-06-03T08:36:47.934Z"}
{"level":"\u001b[36minfo\u001b[39m","message":"\u001b[36m\u001b[32mGET /v1/order 200 - 12ms\u001b[0m\u001b[39m","timestamp":"2025-06-03T08:36:52.168Z"}
{"level":"\u001b[36minfo\u001b[39m","message":"\u001b[36m\u001b[32mPATCH /v1/order/5/product/:productId 400 - 7ms\u001b[0m\u001b[39m","timestamp":"2025-06-03T08:37:09.026Z"}
{"level":"\u001b[36minfo\u001b[39m","message":"\u001b[36m\u001b[32mPATCH /v1/order/2/product/8 400 - 6ms\u001b[0m\u001b[39m","timestamp":"2025-06-03T08:37:27.852Z"}
{"level":"\u001b[36minfo\u001b[39m","message":"\u001b[36m\u001b[32mPATCH /v1/order/2/product/8 200 - 18ms\u001b[0m\u001b[39m","timestamp":"2025-06-03T08:37:44.287Z"}
{"level":"\u001b[36minfo\u001b[39m","message":"\u001b[36m\u001b[32mPATCH /v1/order/2/product/8 200 - 15ms\u001b[0m\u001b[39m","timestamp":"2025-06-03T08:38:01.021Z"}
{"level":"\u001b[36minfo\u001b[39m","message":"\u001b[36m\u001b[32mPATCH /v1/order/2/product/10 400 - 7ms\u001b[0m\u001b[39m","timestamp":"2025-06-03T08:38:17.029Z"}
{"level":"\u001b[36minfo\u001b[39m","message":"\u001b[36m\u001b[32mPATCH /v1/order/2/product/10 400 - 6ms\u001b[0m\u001b[39m","timestamp":"2025-06-03T08:38:37.781Z"}
{"level":"\u001b[36minfo\u001b[39m","message":"\u001b[36m\u001b[32mPATCH /v1/order/2/product/10 200 - 59ms\u001b[0m\u001b[39m","timestamp":"2025-06-03T08:41:59.603Z"}
{"level":"\u001b[36minfo\u001b[39m","message":"\u001b[36m\u001b[32mPATCH /v1/order/2/product/10 200 - 19ms\u001b[0m\u001b[39m","timestamp":"2025-06-03T08:42:12.346Z"}
{"level":"\u001b[36minfo\u001b[39m","message":"\u001b[36m\u001b[32mDELETE /v1/order/2/product/:productId 400 - 9ms\u001b[0m\u001b[39m","timestamp":"2025-06-03T08:42:48.997Z"}
{"level":"\u001b[36minfo\u001b[39m","message":"\u001b[36m\u001b[32mDELETE /v1/order/2/product/10 204 - 19ms\u001b[0m\u001b[39m","timestamp":"2025-06-03T08:43:04.260Z"}
{"level":"\u001b[36minfo\u001b[39m","message":"\u001b[36m\u001b[32mGET /v1/order 200 - 10ms\u001b[0m\u001b[39m","timestamp":"2025-06-03T08:43:13.575Z"}
{"level":"\u001b[36minfo\u001b[39m","message":"\u001b[36m\u001b[32mPOST /v1/login 404 - 18ms\u001b[0m\u001b[39m","timestamp":"2025-06-03T10:00:58.185Z"}
{"level":"\u001b[36minfo\u001b[39m","message":"\u001b[36m\u001b[32mPOST /v1/order/2/product/10 401 - 3ms\u001b[0m\u001b[39m","timestamp":"2025-06-03T10:01:15.139Z"}
{"level":"\u001b[36minfo\u001b[39m","message":"\u001b[36m\u001b[32mPOST /v1/sign-up 400 - 6ms\u001b[0m\u001b[39m","timestamp":"2025-06-03T10:01:41.185Z"}
{"level":"\u001b[36minfo\u001b[39m","message":"\u001b[36m\u001b[32mPOST /v1/login 404 - 4ms\u001b[0m\u001b[39m","timestamp":"2025-06-03T10:01:44.986Z"}
{"level":"\u001b[36minfo\u001b[39m","message":"\u001b[36m\u001b[32mPOST /v1/login 404 - 6ms\u001b[0m\u001b[39m","timestamp":"2025-06-03T10:01:56.957Z"}
{"level":"\u001b[36minfo\u001b[39m","message":"\u001b[36m\u001b[32mPOST /v1/login 404 - 5ms\u001b[0m\u001b[39m","timestamp":"2025-06-03T10:02:20.492Z"}
{"level":"\u001b[36minfo\u001b[39m","message":"\u001b[36m\u001b[32mPOST /v1/login 404 - 7ms\u001b[0m\u001b[39m","timestamp":"2025-06-03T10:02:47.668Z"}
{"level":"\u001b[36minfo\u001b[39m","message":"\u001b[36m\u001b[32mPOST /v1/login 404 - 4ms\u001b[0m\u001b[39m","timestamp":"2025-06-03T10:18:38.863Z"}
{"level":"\u001b[36minfo\u001b[39m","message":"\u001b[36m\u001b[32mPOST /v1/login 404 - 3ms\u001b[0m\u001b[39m","timestamp":"2025-06-03T10:19:06.031Z"}
{"level":"\u001b[36minfo\u001b[39m","message":"\u001b[36m\u001b[32mPOST /v1/sign-up 400 - 33ms\u001b[0m\u001b[39m","timestamp":"2025-06-03T10:46:51.572Z"}
{"level":"\u001b[36minfo\u001b[39m","message":"\u001b[36m\u001b[32mPOST /v1/sign-up 400 - 3ms\u001b[0m\u001b[39m","timestamp":"2025-06-03T10:46:55.334Z"}
{"level":"\u001b[36minfo\u001b[39m","message":"\u001b[36m\u001b[32mPOST /v1/sign-up 201 - 149ms\u001b[0m\u001b[39m","timestamp":"2025-06-03T10:47:33.880Z"}
{"level":"\u001b[36minfo\u001b[39m","message":"\u001b[36m\u001b[32mPOST /v1/login 201 - 154ms\u001b[0m\u001b[39m","timestamp":"2025-06-03T10:56:13.375Z"}
{"level":"\u001b[36minfo\u001b[39m","message":"\u001b[36m\u001b[32mPOST /v1/login 201 - 151ms\u001b[0m\u001b[39m","timestamp":"2025-06-03T10:57:56.840Z"}
{"level":"\u001b[36minfo\u001b[39m","message":"\u001b[36m\u001b[32mGET /v1/order 200 - 16ms\u001b[0m\u001b[39m","timestamp":"2025-06-03T10:58:53.208Z"}
{"level":"\u001b[36minfo\u001b[39m","message":"\u001b[36m\u001b[32mPOST /v1/order/2/product/10 400 - 31ms\u001b[0m\u001b[39m","timestamp":"2025-06-03T11:02:55.769Z"}
{"level":"\u001b[36minfo\u001b[39m","message":"\u001b[36m\u001b[32mPOST /v1/order 500 - 18ms\u001b[0m\u001b[39m","timestamp":"2025-06-03T11:04:27.706Z"}
{"level":"\u001b[36minfo\u001b[39m","message":"\u001b[36m\u001b[32mPOST /v1/order 201 - 50ms\u001b[0m\u001b[39m","timestamp":"2025-06-03T11:09:07.761Z"}
{"level":"\u001b[36minfo\u001b[39m","message":"\u001b[36m\u001b[32mPOST /v1/order 201 - 18ms\u001b[0m\u001b[39m","timestamp":"2025-06-03T11:09:11.500Z"}
